-------------------------------------------------------------------------------
Test set: cn.edu.nuc.test.dao.ArticleMapperTest
-------------------------------------------------------------------------------
Tests run: 5, Failures: 0, Errors: 1, Skipped: 0, Time elapsed: 6.855 sec <<< FAILURE!
testList(cn.edu.nuc.test.dao.ArticleMapperTest)  Time elapsed: 0.156 sec  <<< ERROR!
org.springframework.jdbc.BadSqlGrammarException: 
### Error querying database.  Cause: com.mysql.jdbc.exceptions.MySQLSyntaxErrorException: Unknown column 'tb_article.publishtime' in 'order clause'
### The error may exist in file [D:\envi\article\target\classes\cn\edu\nuc\article\dao\ArticleMapper.xml]
### The error may involve cn.edu.nuc.article.dao.ArticleMapper.selectListAll-Inline
### The error occurred while setting parameters
### SQL: SELECT DISTINCT    a.articleid,    a.title,    a.publishtime,    a.copywriter_id,    a.auditor_id,    a.inst_id,    a.processinstance_id,    a.articlestate,    receiver.userid AS receiverid,    receiver.usertruename AS receivername,    tb_auditmessage.auditdate,    tb_auditmessage.auditresult,    tb_auditmessage.auditmessage,    tb_institution.instid,    tb_institution.instname,    copywriter.usertruename AS copywritername,    copywriter.userid AS copywriterid,    auditor.userid AS auditorid,    auditor.usertruename AS auditorname,    tb_attachment.attachmentid,    tb_attachment.filename,    tb_attachment.attachtype,    tb_attachment.uploadtime,    tb_attachment.filesize,    tb_attachment.fileid,    receiver_inst.instname AS receiver_inst_name,    receiver_inst.instid AS receiver_inst_id,    (     SELECT DISTINCT      COUNT(*)     FROM      tb_log     LEFT OUTER JOIN tb_article ON tb_log.bussiness_id = tb_article.articleid     WHERE      tb_article.articleid = a.articleid     AND tb_log.optname = '查看公文'    ) AS clickcount,    (     SELECT DISTINCT      COUNT(*)     FROM      tb_log     LEFT OUTER JOIN tb_article ON tb_log.bussiness_id = tb_article.articleid     WHERE      tb_article.articleid = a.articleid     AND tb_log.optname = '下载公文'    ) AS downloadcount   FROM    tb_article AS a    LEFT OUTER JOIN tb_receive ON tb_receive.article_id = a.articleid    LEFT OUTER JOIN tb_user AS receiver ON tb_receive.receiver_id = receiver.userid    LEFT OUTER JOIN tb_auditmessage ON tb_auditmessage.article_id = a.articleid    LEFT OUTER JOIN tb_institution ON a.inst_id = tb_institution.instid    LEFT OUTER JOIN tb_user AS copywriter ON a.copywriter_id = copywriter.userid    LEFT OUTER JOIN tb_user AS auditor ON a.auditor_id = auditor.userid    LEFT OUTER JOIN tb_attachment ON tb_attachment.article_id = a.articleid    LEFT OUTER JOIN tb_institution AS receiver_inst ON receiver.inst_id = receiver_inst.instid             WHERE 1=1                                                      ORDER BY tb_article.publishtime
### Cause: com.mysql.jdbc.exceptions.MySQLSyntaxErrorException: Unknown column 'tb_article.publishtime' in 'order clause'
; bad SQL grammar []; nested exception is com.mysql.jdbc.exceptions.MySQLSyntaxErrorException: Unknown column 'tb_article.publishtime' in 'order clause'
	at org.springframework.jdbc.support.SQLErrorCodeSQLExceptionTranslator.doTranslate(SQLErrorCodeSQLExceptionTranslator.java:231)
	at org.springframework.jdbc.support.AbstractFallbackSQLExceptionTranslator.translate(AbstractFallbackSQLExceptionTranslator.java:73)
	at org.mybatis.spring.MyBatisExceptionTranslator.translateExceptionIfPossible(MyBatisExceptionTranslator.java:73)
	at org.mybatis.spring.SqlSessionTemplate$SqlSessionInterceptor.invoke(SqlSessionTemplate.java:446)
	at com.sun.proxy.$Proxy20.selectList(Unknown Source)
	at org.mybatis.spring.SqlSessionTemplate.selectList(SqlSessionTemplate.java:230)
	at org.apache.ibatis.binding.MapperMethod.executeForMany(MapperMethod.java:137)
	at org.apache.ibatis.binding.MapperMethod.execute(MapperMethod.java:75)
	at org.apache.ibatis.binding.MapperProxy.invoke(MapperProxy.java:59)
	at com.sun.proxy.$Proxy21.selectListAll(Unknown Source)
	at cn.edu.nuc.test.dao.ArticleMapperTest.testList(ArticleMapperTest.java:148)
	at sun.reflect.NativeMethodAccessorImpl.invoke0(Native Method)
	at sun.reflect.NativeMethodAccessorImpl.invoke(NativeMethodAccessorImpl.java:62)
	at sun.reflect.DelegatingMethodAccessorImpl.invoke(DelegatingMethodAccessorImpl.java:43)
	at java.lang.reflect.Method.invoke(Method.java:498)
	at org.junit.runners.model.FrameworkMethod$1.runReflectiveCall(FrameworkMethod.java:50)
	at org.junit.internal.runners.model.ReflectiveCallable.run(ReflectiveCallable.java:12)
	at org.junit.runners.model.FrameworkMethod.invokeExplosively(FrameworkMethod.java:47)
	at org.junit.internal.runners.statements.InvokeMethod.evaluate(InvokeMethod.java:17)
	at org.springframework.test.context.junit4.statements.RunBeforeTestMethodCallbacks.evaluate(RunBeforeTestMethodCallbacks.java:75)
	at org.springframework.test.context.junit4.statements.RunAfterTestMethodCallbacks.evaluate(RunAfterTestMethodCallbacks.java:86)
	at org.springframework.test.context.junit4.statements.SpringRepeat.evaluate(SpringRepeat.java:84)
	at org.junit.runners.ParentRunner.runLeaf(ParentRunner.java:325)
	at org.springframework.test.context.junit4.SpringJUnit4ClassRunner.runChild(SpringJUnit4ClassRunner.java:252)
	at org.springframework.test.context.junit4.SpringJUnit4ClassRunner.runChild(SpringJUnit4ClassRunner.java:94)
	at org.junit.runners.ParentRunner$3.run(ParentRunner.java:290)
	at org.junit.runners.ParentRunner$1.schedule(ParentRunner.java:71)
	at org.junit.runners.ParentRunner.runChildren(ParentRunner.java:288)
	at org.junit.runners.ParentRunner.access$000(ParentRunner.java:58)
	at org.junit.runners.ParentRunner$2.evaluate(ParentRunner.java:268)
	at org.springframework.test.context.junit4.statements.RunBeforeTestClassCallbacks.evaluate(RunBeforeTestClassCallbacks.java:61)
	at org.springframework.test.context.junit4.statements.RunAfterTestClassCallbacks.evaluate(RunAfterTestClassCallbacks.java:70)
	at org.junit.runners.ParentRunner.run(ParentRunner.java:363)
	at org.springframework.test.context.junit4.SpringJUnit4ClassRunner.run(SpringJUnit4ClassRunner.java:191)
	at org.apache.maven.surefire.junit4.JUnit4Provider.execute(JUnit4Provider.java:252)
	at org.apache.maven.surefire.junit4.JUnit4Provider.executeTestSet(JUnit4Provider.java:141)
	at org.apache.maven.surefire.junit4.JUnit4Provider.invoke(JUnit4Provider.java:112)
	at sun.reflect.NativeMethodAccessorImpl.invoke0(Native Method)
	at sun.reflect.NativeMethodAccessorImpl.invoke(NativeMethodAccessorImpl.java:62)
	at sun.reflect.DelegatingMethodAccessorImpl.invoke(DelegatingMethodAccessorImpl.java:43)
	at java.lang.reflect.Method.invoke(Method.java:498)
	at org.apache.maven.surefire.util.ReflectionUtils.invokeMethodWithArray(ReflectionUtils.java:189)
	at org.apache.maven.surefire.booter.ProviderFactory$ProviderProxy.invoke(ProviderFactory.java:165)
	at org.apache.maven.surefire.booter.ProviderFactory.invokeProvider(ProviderFactory.java:85)
	at org.apache.maven.surefire.booter.ForkedBooter.runSuitesInProcess(ForkedBooter.java:115)
	at org.apache.maven.surefire.booter.ForkedBooter.main(ForkedBooter.java:75)
Caused by: com.mysql.jdbc.exceptions.MySQLSyntaxErrorException: Unknown column 'tb_article.publishtime' in 'order clause'
	at com.mysql.jdbc.SQLError.createSQLException(SQLError.java:936)
	at com.mysql.jdbc.MysqlIO.checkErrorPacket(MysqlIO.java:2985)
	at com.mysql.jdbc.MysqlIO.sendCommand(MysqlIO.java:1631)
	at com.mysql.jdbc.MysqlIO.sqlQueryDirect(MysqlIO.java:1723)
	at com.mysql.jdbc.Connection.execSQL(Connection.java:3283)
	at com.mysql.jdbc.PreparedStatement.executeInternal(PreparedStatement.java:1332)
	at com.mysql.jdbc.PreparedStatement.execute(PreparedStatement.java:882)
	at com.mchange.v2.c3p0.impl.NewProxyPreparedStatement.execute(NewProxyPreparedStatement.java:67)
	at sun.reflect.NativeMethodAccessorImpl.invoke0(Native Method)
	at sun.reflect.NativeMethodAccessorImpl.invoke(NativeMethodAccessorImpl.java:62)
	at sun.reflect.DelegatingMethodAccessorImpl.invoke(DelegatingMethodAccessorImpl.java:43)
	at java.lang.reflect.Method.invoke(Method.java:498)
	at org.apache.ibatis.logging.jdbc.PreparedStatementLogger.invoke(PreparedStatementLogger.java:59)
	at com.sun.proxy.$Proxy36.execute(Unknown Source)
	at org.apache.ibatis.executor.statement.PreparedStatementHandler.query(PreparedStatementHandler.java:63)
	at org.apache.ibatis.executor.statement.RoutingStatementHandler.query(RoutingStatementHandler.java:79)
	at org.apache.ibatis.executor.SimpleExecutor.doQuery(SimpleExecutor.java:63)
	at org.apache.ibatis.executor.BaseExecutor.queryFromDatabase(BaseExecutor.java:324)
	at org.apache.ibatis.executor.BaseExecutor.query(BaseExecutor.java:156)
	at org.apache.ibatis.executor.CachingExecutor.query(CachingExecutor.java:109)
	at com.github.pagehelper.PageInterceptor.intercept(PageInterceptor.java:141)
	at org.apache.ibatis.plugin.Plugin.invoke(Plugin.java:61)
	at com.sun.proxy.$Proxy40.query(Unknown Source)
	at org.apache.ibatis.session.defaults.DefaultSqlSession.selectList(DefaultSqlSession.java:148)
	at org.apache.ibatis.session.defaults.DefaultSqlSession.selectList(DefaultSqlSession.java:141)
	at sun.reflect.NativeMethodAccessorImpl.invoke0(Native Method)
	at sun.reflect.NativeMethodAccessorImpl.invoke(NativeMethodAccessorImpl.java:62)
	at sun.reflect.DelegatingMethodAccessorImpl.invoke(DelegatingMethodAccessorImpl.java:43)
	at java.lang.reflect.Method.invoke(Method.java:498)
	at org.mybatis.spring.SqlSessionTemplate$SqlSessionInterceptor.invoke(SqlSessionTemplate.java:433)
	... 42 more

