<?xml version="1.0" encoding="UTF-8" ?>
<testsuite tests="5" failures="0" name="cn.edu.nuc.test.dao.ArticleMapperTest" time="0.219" errors="1" skipped="0">
  <properties>
[...]
</properties>
  <testcase classname="cn.edu.nuc.test.dao.ArticleMapperTest" name="testList" time="0.156">
    <error message="
### Error querying database.  Cause: com.mysql.jdbc.exceptions.MySQLSyntaxErrorException: Unknown column &apos;tb_article.publishtime&apos; in &apos;order clause&apos;
### The error may exist in file [D:\envi\article\target\classes\cn\edu\nuc\article\dao\ArticleMapper.xml]
### The error may involve cn.edu.nuc.article.dao.ArticleMapper.selectListAll-Inline
### The error occurred while setting parameters
### SQL: SELECT DISTINCT    a.articleid,    a.title,    a.publishtime,    a.copywriter_id,    a.auditor_id,    a.inst_id,    a.processinstance_id,    a.articlestate,    receiver.userid AS receiverid,    receiver.usertruename AS receivername,    tb_auditmessage.auditdate,    tb_auditmessage.auditresult,    tb_auditmessage.auditmessage,    tb_institution.instid,    tb_institution.instname,    copywriter.usertruename AS copywritername,    copywriter.userid AS copywriterid,    auditor.userid AS auditorid,    auditor.usertruename AS auditorname,    tb_attachment.attachmentid,    tb_attachment.filename,    tb_attachment.attachtype,    tb_attachment.uploadtime,    tb_attachment.filesize,    tb_attachment.fileid,    receiver_inst.instname AS receiver_inst_name,    receiver_inst.instid AS receiver_inst_id,    (     SELECT DISTINCT      COUNT(*)     FROM      tb_log     LEFT OUTER JOIN tb_article ON tb_log.bussiness_id = tb_article.articleid     WHERE      tb_article.articleid = a.articleid     AND tb_log.optname = &apos;查看公文&apos;    ) AS clickcount,    (     SELECT DISTINCT      COUNT(*)     FROM      tb_log     LEFT OUTER JOIN tb_article ON tb_log.bussiness_id = tb_article.articleid     WHERE      tb_article.articleid = a.articleid     AND tb_log.optname = &apos;下载公文&apos;    ) AS downloadcount   FROM    tb_article AS a    LEFT OUTER JOIN tb_receive ON tb_receive.article_id = a.articleid    LEFT OUTER JOIN tb_user AS receiver ON tb_receive.receiver_id = receiver.userid    LEFT OUTER JOIN tb_auditmessage ON tb_auditmessage.article_id = a.articleid    LEFT OUTER JOIN tb_institution ON a.inst_id = tb_institution.instid    LEFT OUTER JOIN tb_user AS copywriter ON a.copywriter_id = copywriter.userid    LEFT OUTER JOIN tb_user AS auditor ON a.auditor_id = auditor.userid    LEFT OUTER JOIN tb_attachment ON tb_attachment.article_id = a.articleid    LEFT OUTER JOIN tb_institution AS receiver_inst ON receiver.inst_id = receiver_inst.instid             WHERE 1=1                                                      ORDER BY tb_article.publishtime
### Cause: com.mysql.jdbc.exceptions.MySQLSyntaxErrorException: Unknown column &apos;tb_article.publishtime&apos; in &apos;order clause&apos;
; bad SQL grammar []; nested exception is com.mysql.jdbc.exceptions.MySQLSyntaxErrorException: Unknown column &apos;tb_article.publishtime&apos; in &apos;order clause&apos;" type="org.springframework.jdbc.BadSqlGrammarException">org.springframework.jdbc.BadSqlGrammarException: 
### Error querying database.  Cause: com.mysql.jdbc.exceptions.MySQLSyntaxErrorException: Unknown column &apos;tb_article.publishtime&apos; in &apos;order clause&apos;
### The error may exist in file [D:\envi\article\target\classes\cn\edu\nuc\article\dao\ArticleMapper.xml]
### The error may involve cn.edu.nuc.article.dao.ArticleMapper.selectListAll-Inline
### The error occurred while setting parameters
### SQL: SELECT DISTINCT    a.articleid,    a.title,    a.publishtime,    a.copywriter_id,    a.auditor_id,    a.inst_id,    a.processinstance_id,    a.articlestate,    receiver.userid AS receiverid,    receiver.usertruename AS receivername,    tb_auditmessage.auditdate,    tb_auditmessage.auditresult,    tb_auditmessage.auditmessage,    tb_institution.instid,    tb_institution.instname,    copywriter.usertruename AS copywritername,    copywriter.userid AS copywriterid,    auditor.userid AS auditorid,    auditor.usertruename AS auditorname,    tb_attachment.attachmentid,    tb_attachment.filename,    tb_attachment.attachtype,    tb_attachment.uploadtime,    tb_attachment.filesize,    tb_attachment.fileid,    receiver_inst.instname AS receiver_inst_name,    receiver_inst.instid AS receiver_inst_id,    (     SELECT DISTINCT      COUNT(*)     FROM      tb_log     LEFT OUTER JOIN tb_article ON tb_log.bussiness_id = tb_article.articleid     WHERE      tb_article.articleid = a.articleid     AND tb_log.optname = &apos;查看公文&apos;    ) AS clickcount,    (     SELECT DISTINCT      COUNT(*)     FROM      tb_log     LEFT OUTER JOIN tb_article ON tb_log.bussiness_id = tb_article.articleid     WHERE      tb_article.articleid = a.articleid     AND tb_log.optname = &apos;下载公文&apos;    ) AS downloadcount   FROM    tb_article AS a    LEFT OUTER JOIN tb_receive ON tb_receive.article_id = a.articleid    LEFT OUTER JOIN tb_user AS receiver ON tb_receive.receiver_id = receiver.userid    LEFT OUTER JOIN tb_auditmessage ON tb_auditmessage.article_id = a.articleid    LEFT OUTER JOIN tb_institution ON a.inst_id = tb_institution.instid    LEFT OUTER JOIN tb_user AS copywriter ON a.copywriter_id = copywriter.userid    LEFT OUTER JOIN tb_user AS auditor ON a.auditor_id = auditor.userid    LEFT OUTER JOIN tb_attachment ON tb_attachment.article_id = a.articleid    LEFT OUTER JOIN tb_institution AS receiver_inst ON receiver.inst_id = receiver_inst.instid             WHERE 1=1                                                      ORDER BY tb_article.publishtime
### Cause: com.mysql.jdbc.exceptions.MySQLSyntaxErrorException: Unknown column &apos;tb_article.publishtime&apos; in &apos;order clause&apos;
; bad SQL grammar []; nested exception is com.mysql.jdbc.exceptions.MySQLSyntaxErrorException: Unknown column &apos;tb_article.publishtime&apos; in &apos;order clause&apos;
	at org.springframework.jdbc.support.SQLErrorCodeSQLExceptionTranslator.doTranslate(SQLErrorCodeSQLExceptionTranslator.java:231)
	at org.springframework.jdbc.support.AbstractFallbackSQLExceptionTranslator.translate(AbstractFallbackSQLExceptionTranslator.java:73)
	at org.mybatis.spring.MyBatisExceptionTranslator.translateExceptionIfPossible(MyBatisExceptionTranslator.java:73)
	at org.mybatis.spring.SqlSessionTemplate$SqlSessionInterceptor.invoke(SqlSessionTemplate.java:446)
	at com.sun.proxy.$Proxy20.selectList(Unknown Source)
	at org.mybatis.spring.SqlSessionTemplate.selectList(SqlSessionTemplate.java:230)
	at org.apache.ibatis.binding.MapperMethod.executeForMany(MapperMethod.java:137)
	at org.apache.ibatis.binding.MapperMethod.execute(MapperMethod.java:75)
	at org.apache.ibatis.binding.MapperProxy.invoke(MapperProxy.java:59)
	at com.sun.proxy.$Proxy21.selectListAll(Unknown Source)
	at cn.edu.nuc.test.dao.ArticleMapperTest.testList(ArticleMapperTest.java:148)
	at sun.reflect.NativeMethodAccessorImpl.invoke0(Native Method)
	at sun.reflect.NativeMethodAccessorImpl.invoke(NativeMethodAccessorImpl.java:62)
	at sun.reflect.DelegatingMethodAccessorImpl.invoke(DelegatingMethodAccessorImpl.java:43)
	at java.lang.reflect.Method.invoke(Method.java:498)
	at org.junit.runners.model.FrameworkMethod$1.runReflectiveCall(FrameworkMethod.java:50)
	at org.junit.internal.runners.model.ReflectiveCallable.run(ReflectiveCallable.java:12)
	at org.junit.runners.model.FrameworkMethod.invokeExplosively(FrameworkMethod.java:47)
	at org.junit.internal.runners.statements.InvokeMethod.evaluate(InvokeMethod.java:17)
	at org.springframework.test.context.junit4.statements.RunBeforeTestMethodCallbacks.evaluate(RunBeforeTestMethodCallbacks.java:75)
	at org.springframework.test.context.junit4.statements.RunAfterTestMethodCallbacks.evaluate(RunAfterTestMethodCallbacks.java:86)
	at org.springframework.test.context.junit4.statements.SpringRepeat.evaluate(SpringRepeat.java:84)
	at org.junit.runners.ParentRunner.runLeaf(ParentRunner.java:325)
	at org.springframework.test.context.junit4.SpringJUnit4ClassRunner.runChild(SpringJUnit4ClassRunner.java:252)
	at org.springframework.test.context.junit4.SpringJUnit4ClassRunner.runChild(SpringJUnit4ClassRunner.java:94)
	at org.junit.runners.ParentRunner$3.run(ParentRunner.java:290)
	at org.junit.runners.ParentRunner$1.schedule(ParentRunner.java:71)
	at org.junit.runners.ParentRunner.runChildren(ParentRunner.java:288)
	at org.junit.runners.ParentRunner.access$000(ParentRunner.java:58)
	at org.junit.runners.ParentRunner$2.evaluate(ParentRunner.java:268)
	at org.springframework.test.context.junit4.statements.RunBeforeTestClassCallbacks.evaluate(RunBeforeTestClassCallbacks.java:61)
	at org.springframework.test.context.junit4.statements.RunAfterTestClassCallbacks.evaluate(RunAfterTestClassCallbacks.java:70)
	at org.junit.runners.ParentRunner.run(ParentRunner.java:363)
	at org.springframework.test.context.junit4.SpringJUnit4ClassRunner.run(SpringJUnit4ClassRunner.java:191)
	at org.apache.maven.surefire.junit4.JUnit4Provider.execute(JUnit4Provider.java:252)
	at org.apache.maven.surefire.junit4.JUnit4Provider.executeTestSet(JUnit4Provider.java:141)
	at org.apache.maven.surefire.junit4.JUnit4Provider.invoke(JUnit4Provider.java:112)
	at sun.reflect.NativeMethodAccessorImpl.invoke0(Native Method)
	at sun.reflect.NativeMethodAccessorImpl.invoke(NativeMethodAccessorImpl.java:62)
	at sun.reflect.DelegatingMethodAccessorImpl.invoke(DelegatingMethodAccessorImpl.java:43)
	at java.lang.reflect.Method.invoke(Method.java:498)
	at org.apache.maven.surefire.util.ReflectionUtils.invokeMethodWithArray(ReflectionUtils.java:189)
	at org.apache.maven.surefire.booter.ProviderFactory$ProviderProxy.invoke(ProviderFactory.java:165)
	at org.apache.maven.surefire.booter.ProviderFactory.invokeProvider(ProviderFactory.java:85)
	at org.apache.maven.surefire.booter.ForkedBooter.runSuitesInProcess(ForkedBooter.java:115)
	at org.apache.maven.surefire.booter.ForkedBooter.main(ForkedBooter.java:75)
Caused by: com.mysql.jdbc.exceptions.MySQLSyntaxErrorException: Unknown column &apos;tb_article.publishtime&apos; in &apos;order clause&apos;
	at com.mysql.jdbc.SQLError.createSQLException(SQLError.java:936)
	at com.mysql.jdbc.MysqlIO.checkErrorPacket(MysqlIO.java:2985)
	at com.mysql.jdbc.MysqlIO.sendCommand(MysqlIO.java:1631)
	at com.mysql.jdbc.MysqlIO.sqlQueryDirect(MysqlIO.java:1723)
	at com.mysql.jdbc.Connection.execSQL(Connection.java:3283)
	at com.mysql.jdbc.PreparedStatement.executeInternal(PreparedStatement.java:1332)
	at com.mysql.jdbc.PreparedStatement.execute(PreparedStatement.java:882)
	at com.mchange.v2.c3p0.impl.NewProxyPreparedStatement.execute(NewProxyPreparedStatement.java:67)
	at sun.reflect.NativeMethodAccessorImpl.invoke0(Native Method)
	at sun.reflect.NativeMethodAccessorImpl.invoke(NativeMethodAccessorImpl.java:62)
	at sun.reflect.DelegatingMethodAccessorImpl.invoke(DelegatingMethodAccessorImpl.java:43)
	at java.lang.reflect.Method.invoke(Method.java:498)
	at org.apache.ibatis.logging.jdbc.PreparedStatementLogger.invoke(PreparedStatementLogger.java:59)
	at com.sun.proxy.$Proxy36.execute(Unknown Source)
	at org.apache.ibatis.executor.statement.PreparedStatementHandler.query(PreparedStatementHandler.java:63)
	at org.apache.ibatis.executor.statement.RoutingStatementHandler.query(RoutingStatementHandler.java:79)
	at org.apache.ibatis.executor.SimpleExecutor.doQuery(SimpleExecutor.java:63)
	at org.apache.ibatis.executor.BaseExecutor.queryFromDatabase(BaseExecutor.java:324)
	at org.apache.ibatis.executor.BaseExecutor.query(BaseExecutor.java:156)
	at org.apache.ibatis.executor.CachingExecutor.query(CachingExecutor.java:109)
	at com.github.pagehelper.PageInterceptor.intercept(PageInterceptor.java:141)
	at org.apache.ibatis.plugin.Plugin.invoke(Plugin.java:61)
	at com.sun.proxy.$Proxy40.query(Unknown Source)
	at org.apache.ibatis.session.defaults.DefaultSqlSession.selectList(DefaultSqlSession.java:148)
	at org.apache.ibatis.session.defaults.DefaultSqlSession.selectList(DefaultSqlSession.java:141)
	at sun.reflect.NativeMethodAccessorImpl.invoke0(Native Method)
	at sun.reflect.NativeMethodAccessorImpl.invoke(NativeMethodAccessorImpl.java:62)
	at sun.reflect.DelegatingMethodAccessorImpl.invoke(DelegatingMethodAccessorImpl.java:43)
	at java.lang.reflect.Method.invoke(Method.java:498)
	at org.mybatis.spring.SqlSessionTemplate$SqlSessionInterceptor.invoke(SqlSessionTemplate.java:433)
	... 42 more
</error>
    <system-out>14:19:46.834 [main] DEBUG o.s.t.c.j.SpringJUnit4ClassRunner - SpringJUnit4ClassRunner constructor called with [class cn.edu.nuc.test.dao.ArticleMapperTest]
14:19:46.843 [main] DEBUG o.s.test.context.BootstrapUtils - Instantiating CacheAwareContextLoaderDelegate from class [org.springframework.test.context.cache.DefaultCacheAwareContextLoaderDelegate]
14:19:46.860 [main] DEBUG o.s.test.context.BootstrapUtils - Instantiating BootstrapContext using constructor [public org.springframework.test.context.support.DefaultBootstrapContext(java.lang.Class,org.springframework.test.context.CacheAwareContextLoaderDelegate)]
14:19:46.872 [main] DEBUG o.s.test.context.BootstrapUtils - Instantiating TestContextBootstrapper for test class [cn.edu.nuc.test.dao.ArticleMapperTest] from class [org.springframework.test.context.support.DefaultTestContextBootstrapper]
14:19:46.915 [main] DEBUG o.s.t.c.s.AbstractDelegatingSmartContextLoader - Delegating to GenericXmlContextLoader to process context configuration [ContextConfigurationAttributes@4eb7f003 declaringClass = &apos;cn.edu.nuc.test.dao.ArticleMapperTest&apos;, classes = &apos;{}&apos;, locations = &apos;{classpath:spring-context.xml, classpath:spring-activiti.xml}&apos;, inheritLocations = true, initializers = &apos;{}&apos;, inheritInitializers = true, name = [null], contextLoaderClass = &apos;org.springframework.test.context.ContextLoader&apos;].
14:19:46.933 [main] DEBUG o.s.t.c.support.ActiveProfilesUtils - Could not find an &apos;annotation declaring class&apos; for annotation type [org.springframework.test.context.ActiveProfiles] and class [cn.edu.nuc.test.dao.ArticleMapperTest]
14:19:46.955 [main] DEBUG o.s.t.c.s.DefaultTestContextBootstrapper - @TestExecutionListeners is not present for class [cn.edu.nuc.test.dao.ArticleMapperTest]: using defaults.
14:19:46.965 [main] INFO  o.s.t.c.s.DefaultTestContextBootstrapper - Loaded default TestExecutionListener class names from location [META-INF/spring.factories]: [org.springframework.test.context.web.ServletTestExecutionListener, org.springframework.test.context.support.DirtiesContextBeforeModesTestExecutionListener, org.springframework.test.context.support.DependencyInjectionTestExecutionListener, org.springframework.test.context.support.DirtiesContextTestExecutionListener, org.springframework.test.context.transaction.TransactionalTestExecutionListener, org.springframework.test.context.jdbc.SqlScriptsTestExecutionListener]
14:19:47.020 [main] INFO  o.s.t.c.s.DefaultTestContextBootstrapper - Using TestExecutionListeners: [org.springframework.test.context.web.ServletTestExecutionListener@1068e947, org.springframework.test.context.support.DirtiesContextBeforeModesTestExecutionListener@7dc222ae, org.springframework.test.context.support.DependencyInjectionTestExecutionListener@aecb35a, org.springframework.test.context.support.DirtiesContextTestExecutionListener@5fcd892a, org.springframework.test.context.transaction.TransactionalTestExecutionListener@8b87145, org.springframework.test.context.jdbc.SqlScriptsTestExecutionListener@6483f5ae]
14:19:47.023 [main] DEBUG o.s.t.annotation.ProfileValueUtils - Retrieved @ProfileValueSourceConfiguration [null] for test class [cn.edu.nuc.test.dao.ArticleMapperTest]
14:19:47.024 [main] DEBUG o.s.t.annotation.ProfileValueUtils - Retrieved ProfileValueSource type [class org.springframework.test.annotation.SystemProfileValueSource] for class [cn.edu.nuc.test.dao.ArticleMapperTest]
14:19:47.024 [main] DEBUG o.s.t.annotation.ProfileValueUtils - Retrieved @ProfileValueSourceConfiguration [null] for test class [cn.edu.nuc.test.dao.ArticleMapperTest]
14:19:47.024 [main] DEBUG o.s.t.annotation.ProfileValueUtils - Retrieved ProfileValueSource type [class org.springframework.test.annotation.SystemProfileValueSource] for class [cn.edu.nuc.test.dao.ArticleMapperTest]
14:19:47.035 [main] DEBUG o.s.t.c.s.AbstractDirtiesContextTestExecutionListener - Before test class: context [DefaultTestContext@4b9e255 testClass = ArticleMapperTest, testInstance = [null], testMethod = [null], testException = [null], mergedContextConfiguration = [MergedContextConfiguration@5e57643e testClass = ArticleMapperTest, locations = &apos;{classpath:spring-context.xml, classpath:spring-activiti.xml}&apos;, classes = &apos;{}&apos;, contextInitializerClasses = &apos;[]&apos;, activeProfiles = &apos;{}&apos;, propertySourceLocations = &apos;{}&apos;, propertySourceProperties = &apos;{}&apos;, contextCustomizers = set[[empty]], contextLoader = &apos;org.springframework.test.context.support.DelegatingSmartContextLoader&apos;, parent = [null]]], class annotated with @DirtiesContext [false] with mode [null].
14:19:47.036 [main] DEBUG o.s.t.annotation.ProfileValueUtils - Retrieved @ProfileValueSourceConfiguration [null] for test class [cn.edu.nuc.test.dao.ArticleMapperTest]
14:19:47.036 [main] DEBUG o.s.t.annotation.ProfileValueUtils - Retrieved ProfileValueSource type [class org.springframework.test.annotation.SystemProfileValueSource] for class [cn.edu.nuc.test.dao.ArticleMapperTest]
14:19:47.045 [main] DEBUG o.s.t.c.s.DependencyInjectionTestExecutionListener - Performing dependency injection for test context [[DefaultTestContext@4b9e255 testClass = ArticleMapperTest, testInstance = cn.edu.nuc.test.dao.ArticleMapperTest@71d15f18, testMethod = [null], testException = [null], mergedContextConfiguration = [MergedContextConfiguration@5e57643e testClass = ArticleMapperTest, locations = &apos;{classpath:spring-context.xml, classpath:spring-activiti.xml}&apos;, classes = &apos;{}&apos;, contextInitializerClasses = &apos;[]&apos;, activeProfiles = &apos;{}&apos;, propertySourceLocations = &apos;{}&apos;, propertySourceProperties = &apos;{}&apos;, contextCustomizers = set[[empty]], contextLoader = &apos;org.springframework.test.context.support.DelegatingSmartContextLoader&apos;, parent = [null]]]].
14:19:47.046 [main] DEBUG o.s.t.c.s.AbstractDelegatingSmartContextLoader - Delegating to GenericXmlContextLoader to load context from [MergedContextConfiguration@5e57643e testClass = ArticleMapperTest, locations = &apos;{classpath:spring-context.xml, classpath:spring-activiti.xml}&apos;, classes = &apos;{}&apos;, contextInitializerClasses = &apos;[]&apos;, activeProfiles = &apos;{}&apos;, propertySourceLocations = &apos;{}&apos;, propertySourceProperties = &apos;{}&apos;, contextCustomizers = set[[empty]], contextLoader = &apos;org.springframework.test.context.support.DelegatingSmartContextLoader&apos;, parent = [null]].
14:19:47.047 [main] DEBUG o.s.t.c.s.AbstractGenericContextLoader - Loading ApplicationContext for merged context configuration [[MergedContextConfiguration@5e57643e testClass = ArticleMapperTest, locations = &apos;{classpath:spring-context.xml, classpath:spring-activiti.xml}&apos;, classes = &apos;{}&apos;, contextInitializerClasses = &apos;[]&apos;, activeProfiles = &apos;{}&apos;, propertySourceLocations = &apos;{}&apos;, propertySourceProperties = &apos;{}&apos;, contextCustomizers = set[[empty]], contextLoader = &apos;org.springframework.test.context.support.DelegatingSmartContextLoader&apos;, parent = [null]]].
14:19:47.192 [main] DEBUG o.s.core.env.StandardEnvironment - Adding [systemProperties] PropertySource with lowest search precedence
14:19:47.195 [main] DEBUG o.s.core.env.StandardEnvironment - Adding [systemEnvironment] PropertySource with lowest search precedence
14:19:47.195 [main] DEBUG o.s.core.env.StandardEnvironment - Initialized StandardEnvironment with PropertySources [systemProperties,systemEnvironment]
14:19:47.243 [main] INFO  o.s.b.f.xml.XmlBeanDefinitionReader - Loading XML bean definitions from class path resource [spring-context.xml]
14:19:47.251 [main] DEBUG o.s.b.f.xml.DefaultDocumentLoader - Using JAXP provider [com.sun.org.apache.xerces.internal.jaxp.DocumentBuilderFactoryImpl]
14:19:47.289 [main] DEBUG o.s.b.f.xml.PluggableSchemaResolver - Loading schema mappings from [META-INF/spring.schemas]
14:19:47.291 [main] DEBUG o.s.b.f.xml.PluggableSchemaResolver - Loaded schema mappings: {http://www.springframework.org/schema/tx/spring-tx-2.5.xsd=org/springframework/transaction/config/spring-tx-2.5.xsd, http://www.springframework.org/schema/cache/spring-cache-4.2.xsd=org/springframework/cache/config/spring-cache-4.2.xsd, http://www.springframework.org/schema/aop/spring-aop-4.1.xsd=org/springframework/aop/config/spring-aop-4.1.xsd, http://www.springframework.org/schema/context/spring-context-3.1.xsd=org/springframework/context/config/spring-context-3.1.xsd, http://www.springframework.org/schema/jdbc/spring-jdbc-4.1.xsd=org/springframework/jdbc/config/spring-jdbc-4.1.xsd, http://www.springframework.org/schema/mvc/spring-mvc-4.1.xsd=org/springframework/web/servlet/config/spring-mvc-4.1.xsd, http://www.springframework.org/schema/util/spring-util-3.0.xsd=org/springframework/beans/factory/xml/spring-util-3.0.xsd, http://mybatis.org/schema/mybatis-spring-1.2.xsd=org/mybatis/spring/config/mybatis-spring-1.2.xsd, http://www.springframework.org/schema/aop/spring-aop-3.2.xsd=org/springframework/aop/config/spring-aop-3.2.xsd, http://www.springframework.org/schema/tool/spring-tool.xsd=org/springframework/beans/factory/xml/spring-tool-4.3.xsd, http://www.springframework.org/schema/lang/spring-lang-4.1.xsd=org/springframework/scripting/config/spring-lang-4.1.xsd, http://www.springframework.org/schema/context/spring-context-4.0.xsd=org/springframework/context/config/spring-context-4.0.xsd, http://www.springframework.org/schema/mvc/spring-mvc-3.2.xsd=org/springframework/web/servlet/config/spring-mvc-3.2.xsd, http://www.springframework.org/schema/beans/spring-beans-4.2.xsd=org/springframework/beans/factory/xml/spring-beans-4.2.xsd, http://www.springframework.org/schema/tool/spring-tool-4.1.xsd=org/springframework/beans/factory/xml/spring-tool-4.1.xsd, http://www.springframework.org/schema/lang/spring-lang-3.2.xsd=org/springframework/scripting/config/spring-lang-3.2.xsd, http://www.springframework.org/schema/cache/spring-cache-3.2.xsd=org/springframework/cache/config/spring-cache-3.2.xsd, http://www.springframework.org/schema/jee/spring-jee-4.1.xsd=org/springframework/ejb/config/spring-jee-4.1.xsd, http://www.springframework.org/schema/jdbc/spring-jdbc-3.1.xsd=org/springframework/jdbc/config/spring-jdbc-3.1.xsd, http://www.springframework.org/schema/util/spring-util-2.0.xsd=org/springframework/beans/factory/xml/spring-util-2.0.xsd, http://www.springframework.org/schema/task/spring-task-4.2.xsd=org/springframework/scheduling/config/spring-task-4.2.xsd, http://www.springframework.org/schema/tool/spring-tool-3.2.xsd=org/springframework/beans/factory/xml/spring-tool-3.2.xsd, http://www.springframework.org/schema/context/spring-context.xsd=org/springframework/context/config/spring-context-4.3.xsd, http://www.springframework.org/schema/cache/spring-cache-4.1.xsd=org/springframework/cache/config/spring-cache-4.1.xsd, http://www.springframework.org/schema/aop/spring-aop-4.0.xsd=org/springframework/aop/config/spring-aop-4.0.xsd, http://www.springframework.org/schema/jee/spring-jee-3.2.xsd=org/springframework/ejb/config/spring-jee-3.2.xsd, http://www.springframework.org/schema/context/spring-context-3.0.xsd=org/springframework/context/config/spring-context-3.0.xsd, http://www.springframework.org/schema/jdbc/spring-jdbc-4.0.xsd=org/springframework/jdbc/config/spring-jdbc-4.0.xsd, http://www.springframework.org/schema/mvc/spring-mvc-4.0.xsd=org/springframework/web/servlet/config/spring-mvc-4.0.xsd, http://www.springframework.org/schema/util/spring-util-4.3.xsd=org/springframework/beans/factory/xml/spring-util-4.3.xsd, http://www.springframework.org/schema/util/spring-util-2.5.xsd=org/springframework/beans/factory/xml/spring-util-2.5.xsd, http://www.springframework.org/schema/beans/spring-beans-3.2.xsd=org/springframework/beans/factory/xml/spring-beans-3.2.xsd, http://www.springframework.org/schema/aop/spring-aop-3.1.xsd=org/springframework/aop/config/spring-aop-3.1.xsd, http://www.springframework.org/schema/lang/spring-lang-4.0.xsd=org/springframework/scripting/config/spring-lang-4.0.xsd, http://www.springframework.org/schema/mvc/spring-mvc.xsd=org/springframework/web/servlet/config/spring-mvc-4.3.xsd, http://www.springframework.org/schema/mvc/spring-mvc-3.1.xsd=org/springframework/web/servlet/config/spring-mvc-3.1.xsd, http://www.springframework.org/schema/beans/spring-beans-4.1.xsd=org/springframework/beans/factory/xml/spring-beans-4.1.xsd, http://www.springframework.org/schema/tool/spring-tool-4.0.xsd=org/springframework/beans/factory/xml/spring-tool-4.0.xsd, http://www.springframework.org/schema/tx/spring-tx-3.2.xsd=org/springframework/transaction/config/spring-tx-3.2.xsd, http://www.springframework.org/schema/lang/spring-lang-3.1.xsd=org/springframework/scripting/config/spring-lang-3.1.xsd, http://www.springframework.org/schema/cache/spring-cache-3.1.xsd=org/springframework/cache/config/spring-cache-3.1.xsd, http://www.springframework.org/schema/jee/spring-jee-4.0.xsd=org/springframework/ejb/config/spring-jee-4.0.xsd, http://www.springframework.org/schema/jdbc/spring-jdbc-3.0.xsd=org/springframework/jdbc/config/spring-jdbc-3.0.xsd, http://www.springframework.org/schema/task/spring-task-4.1.xsd=org/springframework/scheduling/config/spring-task-4.1.xsd, http://www.springframework.org/schema/jdbc/spring-jdbc.xsd=org/springframework/jdbc/config/spring-jdbc-4.1.xsd, http://www.springframework.org/schema/tool/spring-tool-3.1.xsd=org/springframework/beans/factory/xml/spring-tool-3.1.xsd, http://www.springframework.org/schema/tx/spring-tx-4.1.xsd=org/springframework/transaction/config/spring-tx-4.1.xsd, http://www.springframework.org/schema/cache/spring-cache-4.0.xsd=org/springframework/cache/config/spring-cache-4.0.xsd, http://www.springframework.org/schema/jee/spring-jee-3.1.xsd=org/springframework/ejb/config/spring-jee-3.1.xsd, http://www.springframework.org/schema/util/spring-util-4.2.xsd=org/springframework/beans/factory/xml/spring-util-4.2.xsd, http://www.springframework.org/schema/task/spring-task-3.2.xsd=org/springframework/scheduling/config/spring-task-3.2.xsd, http://www.springframework.org/schema/beans/spring-beans-3.1.xsd=org/springframework/beans/factory/xml/spring-beans-3.1.xsd, http://www.springframework.org/schema/util/spring-util.xsd=org/springframework/beans/factory/xml/spring-util-4.3.xsd, http://www.springframework.org/schema/aop/spring-aop-3.0.xsd=org/springframework/aop/config/spring-aop-3.0.xsd, http://www.springframework.org/schema/mvc/spring-mvc-3.0.xsd=org/springframework/web/servlet/config/spring-mvc-3.0.xsd, http://www.springframework.org/schema/beans/spring-beans-4.0.xsd=org/springframework/beans/factory/xml/spring-beans-4.0.xsd, http://www.springframework.org/schema/beans/spring-beans.xsd=org/springframework/beans/factory/xml/spring-beans-4.3.xsd, http://www.springframework.org/schema/tx/spring-tx-3.1.xsd=org/springframework/transaction/config/spring-tx-3.1.xsd, http://mybatis.org/schema/mybatis-spring.xsd=org/mybatis/spring/config/mybatis-spring-1.2.xsd, http://www.springframework.org/schema/lang/spring-lang-3.0.xsd=org/springframework/scripting/config/spring-lang-3.0.xsd, http://www.springframework.org/schema/context/spring-context-2.5.xsd=org/springframework/context/config/spring-context-2.5.xsd, http://www.springframework.org/schema/context/spring-context-4.3.xsd=org/springframework/context/config/spring-context-4.3.xsd, http://www.springframework.org/schema/task/spring-task-4.0.xsd=org/springframework/scheduling/config/spring-task-4.0.xsd, http://www.springframework.org/schema/tool/spring-tool-3.0.xsd=org/springframework/beans/factory/xml/spring-tool-3.0.xsd, http://www.springframework.org/schema/tx/spring-tx-4.0.xsd=org/springframework/transaction/config/spring-tx-4.0.xsd, http://www.springframework.org/schema/aop/spring-aop-2.0.xsd=org/springframework/aop/config/spring-aop-2.0.xsd, http://www.springframework.org/schema/jee/spring-jee-3.0.xsd=org/springframework/ejb/config/spring-jee-3.0.xsd, http://www.springframework.org/schema/util/spring-util-4.1.xsd=org/springframework/beans/factory/xml/spring-util-4.1.xsd, http://www.springframework.org/schema/task/spring-task-3.1.xsd=org/springframework/scheduling/config/spring-task-3.1.xsd, http://www.springframework.org/schema/beans/spring-beans-3.0.xsd=org/springframework/beans/factory/xml/spring-beans-3.0.xsd, http://www.springframework.org/schema/jee/spring-jee.xsd=org/springframework/ejb/config/spring-jee-4.3.xsd, http://www.springframework.org/schema/aop/spring-aop-4.3.xsd=org/springframework/aop/config/spring-aop-4.3.xsd, http://www.springframework.org/schema/aop/spring-aop-2.5.xsd=org/springframework/aop/config/spring-aop-2.5.xsd, http://www.springframework.org/schema/lang/spring-lang-2.0.xsd=org/springframework/scripting/config/spring-lang-2.0.xsd, http://www.springframework.org/schema/mvc/spring-mvc-4.3.xsd=org/springframework/web/servlet/config/spring-mvc-4.3.xsd, http://www.springframework.org/schema/util/spring-util-3.2.xsd=org/springframework/beans/factory/xml/spring-util-3.2.xsd, http://www.springframework.org/schema/task/spring-task.xsd=org/springframework/scheduling/config/spring-task-4.3.xsd, http://www.springframework.org/schema/tool/spring-tool-2.0.xsd=org/springframework/beans/factory/xml/spring-tool-2.0.xsd, http://www.springframework.org/schema/tx/spring-tx-3.0.xsd=org/springframework/transaction/config/spring-tx-3.0.xsd, http://www.springframework.org/schema/lang/spring-lang-2.5.xsd=org/springframework/scripting/config/spring-lang-2.5.xsd, http://www.springframework.org/schema/lang/spring-lang-4.3.xsd=org/springframework/scripting/config/spring-lang-4.3.xsd, http://www.springframework.org/schema/context/spring-context-4.2.xsd=org/springframework/context/config/spring-context-4.2.xsd, http://www.springframework.org/schema/jee/spring-jee-2.0.xsd=org/springframework/ejb/config/spring-jee-2.0.xsd, http://www.springframework.org/schema/tool/spring-tool-4.3.xsd=org/springframework/beans/factory/xml/spring-tool-4.3.xsd, http://www.springframework.org/schema/tool/spring-tool-2.5.xsd=org/springframework/beans/factory/xml/spring-tool-2.5.xsd, http://www.springframework.org/schema/jee/spring-jee-4.3.xsd=org/springframework/ejb/config/spring-jee-4.3.xsd, http://www.springframework.org/schema/jee/spring-jee-2.5.xsd=org/springframework/ejb/config/spring-jee-2.5.xsd, http://www.springframework.org/schema/util/spring-util-4.0.xsd=org/springframework/beans/factory/xml/spring-util-4.0.xsd, http://www.springframework.org/schema/task/spring-task-3.0.xsd=org/springframework/scheduling/config/spring-task-3.0.xsd, http://www.springframework.org/schema/cache/spring-cache-4.3.xsd=org/springframework/cache/config/spring-cache-4.3.xsd, http://www.springframework.org/schema/aop/spring-aop-4.2.xsd=org/springframework/aop/config/spring-aop-4.2.xsd, http://www.springframework.org/schema/lang/spring-lang.xsd=org/springframework/scripting/config/spring-lang-4.3.xsd, http://www.springframework.org/schema/context/spring-context-3.2.xsd=org/springframework/context/config/spring-context-3.2.xsd, http://www.springframework.org/schema/mvc/spring-mvc-4.2.xsd=org/springframework/web/servlet/config/spring-mvc-4.2.xsd, http://www.springframework.org/schema/util/spring-util-3.1.xsd=org/springframework/beans/factory/xml/spring-util-3.1.xsd, http://www.springframework.org/schema/beans/spring-beans-2.0.xsd=org/springframework/beans/factory/xml/spring-beans-2.0.xsd, http://www.springframework.org/schema/cache/spring-cache.xsd=org/springframework/cache/config/spring-cache-4.3.xsd, http://www.springframework.org/schema/tx/spring-tx.xsd=org/springframework/transaction/config/spring-tx-4.1.xsd, http://www.springframework.org/schema/lang/spring-lang-4.2.xsd=org/springframework/scripting/config/spring-lang-4.2.xsd, http://www.springframework.org/schema/context/spring-context-4.1.xsd=org/springframework/context/config/spring-context-4.1.xsd, http://www.springframework.org/schema/beans/spring-beans-2.5.xsd=org/springframework/beans/factory/xml/spring-beans-2.5.xsd, http://www.springframework.org/schema/beans/spring-beans-4.3.xsd=org/springframework/beans/factory/xml/spring-beans-4.3.xsd, http://www.springframework.org/schema/tool/spring-tool-4.2.xsd=org/springframework/beans/factory/xml/spring-tool-4.2.xsd, http://www.springframework.org/schema/tx/spring-tx-2.0.xsd=org/springframework/transaction/config/spring-tx-2.0.xsd, http://www.springframework.org/schema/jee/spring-jee-4.2.xsd=org/springframework/ejb/config/spring-jee-4.2.xsd, http://www.springframework.org/schema/jdbc/spring-jdbc-3.2.xsd=org/springframework/jdbc/config/spring-jdbc-3.2.xsd, http://www.springframework.org/schema/aop/spring-aop.xsd=org/springframework/aop/config/spring-aop-4.3.xsd, http://www.springframework.org/schema/task/spring-task-4.3.xsd=org/springframework/scheduling/config/spring-task-4.3.xsd}
14:19:47.293 [main] DEBUG o.s.b.f.xml.PluggableSchemaResolver - Found XML schema [http://www.springframework.org/schema/beans/spring-beans.xsd] in classpath: org/springframework/beans/factory/xml/spring-beans-4.3.xsd
14:19:47.340 [main] DEBUG o.s.b.f.xml.PluggableSchemaResolver - Found XML schema [http://www.springframework.org/schema/context/spring-context-4.3.xsd] in classpath: org/springframework/context/config/spring-context-4.3.xsd
14:19:47.352 [main] DEBUG o.s.b.f.xml.PluggableSchemaResolver - Found XML schema [http://www.springframework.org/schema/tool/spring-tool-4.3.xsd] in classpath: org/springframework/beans/factory/xml/spring-tool-4.3.xsd
14:19:48.125 [main] DEBUG o.s.b.f.x.DefaultBeanDefinitionDocumentReader - Loading bean definitions
14:19:48.178 [main] DEBUG o.s.b.f.x.DefaultNamespaceHandlerResolver - Loaded NamespaceHandler mappings: {http://www.springframework.org/schema/p=org.springframework.beans.factory.xml.SimplePropertyNamespaceHandler, http://www.springframework.org/schema/mvc=org.springframework.web.servlet.config.MvcNamespaceHandler, http://www.springframework.org/schema/util=org.springframework.beans.factory.xml.UtilNamespaceHandler, http://www.springframework.org/schema/jee=org.springframework.ejb.config.JeeNamespaceHandler, http://www.springframework.org/schema/aop=org.springframework.aop.config.AopNamespaceHandler, http://www.springframework.org/schema/jdbc=org.springframework.jdbc.config.JdbcNamespaceHandler, http://www.springframework.org/schema/cache=org.springframework.cache.config.CacheNamespaceHandler, http://mybatis.org/schema/mybatis-spring=org.mybatis.spring.config.NamespaceHandler, http://www.springframework.org/schema/c=org.springframework.beans.factory.xml.SimpleConstructorNamespaceHandler, http://www.springframework.org/schema/tx=org.springframework.transaction.config.TxNamespaceHandler, http://www.springframework.org/schema/task=org.springframework.scheduling.config.TaskNamespaceHandler, http://www.springframework.org/schema/lang=org.springframework.scripting.config.LangNamespaceHandler, http://www.springframework.org/schema/context=org.springframework.context.config.ContextNamespaceHandler}
14:19:48.212 [main] DEBUG o.s.b.f.x.BeanDefinitionParserDelegate - Neither XML &apos;id&apos; nor &apos;name&apos; specified - using generated bean name [org.mybatis.spring.mapper.MapperScannerConfigurer#0]
14:19:48.237 [main] DEBUG o.s.c.i.s.PathMatchingResourcePatternResolver - Resolved classpath location [cn/edu/nuc/article/] to resources [URL [file:/D:/envi/article/target/classes/cn/edu/nuc/article/]]
14:19:48.237 [main] DEBUG o.s.c.i.s.PathMatchingResourcePatternResolver - Looking for matching resources in directory tree [D:\envi\article\target\classes\cn\edu\nuc\article]
14:19:48.238 [main] DEBUG o.s.c.i.s.PathMatchingResourcePatternResolver - Searching directory [D:\envi\article\target\classes\cn\edu\nuc\article] for files matching pattern [D:/envi/article/target/classes/cn/edu/nuc/article/**/*.class]
14:19:48.240 [main] DEBUG o.s.c.i.s.PathMatchingResourcePatternResolver - Searching directory [D:\envi\article\target\classes\cn\edu\nuc\article\controller] for files matching pattern [D:/envi/article/target/classes/cn/edu/nuc/article/**/*.class]
14:19:48.241 [main] DEBUG o.s.c.i.s.PathMatchingResourcePatternResolver - Searching directory [D:\envi\article\target\classes\cn\edu\nuc\article\dao] for files matching pattern [D:/envi/article/target/classes/cn/edu/nuc/article/**/*.class]
14:19:48.243 [main] DEBUG o.s.c.i.s.PathMatchingResourcePatternResolver - Searching directory [D:\envi\article\target\classes\cn\edu\nuc\article\dto] for files matching pattern [D:/envi/article/target/classes/cn/edu/nuc/article/**/*.class]
14:19:48.244 [main] DEBUG o.s.c.i.s.PathMatchingResourcePatternResolver - Searching directory [D:\envi\article\target\classes\cn\edu\nuc\article\entity] for files matching pattern [D:/envi/article/target/classes/cn/edu/nuc/article/**/*.class]
14:19:48.245 [main] DEBUG o.s.c.i.s.PathMatchingResourcePatternResolver - Searching directory [D:\envi\article\target\classes\cn\edu\nuc\article\filter] for files matching pattern [D:/envi/article/target/classes/cn/edu/nuc/article/**/*.class]
14:19:48.246 [main] DEBUG o.s.c.i.s.PathMatchingResourcePatternResolver - Searching directory [D:\envi\article\target\classes\cn\edu\nuc\article\interceptor] for files matching pattern [D:/envi/article/target/classes/cn/edu/nuc/article/**/*.class]
14:19:48.246 [main] DEBUG o.s.c.i.s.PathMatchingResourcePatternResolver - Searching directory [D:\envi\article\target\classes\cn\edu\nuc\article\service] for files matching pattern [D:/envi/article/target/classes/cn/edu/nuc/article/**/*.class]
14:19:48.248 [main] DEBUG o.s.c.i.s.PathMatchingResourcePatternResolver - Searching directory [D:\envi\article\target\classes\cn\edu\nuc\article\util] for files matching pattern [D:/envi/article/target/classes/cn/edu/nuc/article/**/*.class]
14:19:48.249 [main] DEBUG o.s.c.i.s.PathMatchingResourcePatternResolver - Searching directory [D:\envi\article\target\classes\cn\edu\nuc\article\validategroup] for files matching pattern [D:/envi/article/target/classes/cn/edu/nuc/article/**/*.class]
14:19:48.251 [main] DEBUG o.s.c.i.s.PathMatchingResourcePatternResolver - Resolved location pattern [classpath*:cn/edu/nuc/article/**/*.class] to resources [file [D:\envi\article\target\classes\cn\edu\nuc\article\controller\ArticleController.class], file [D:\envi\article\target\classes\cn\edu\nuc\article\controller\AttachmentController.class], file [D:\envi\article\target\classes\cn\edu\nuc\article\controller\FunctionController.class], file [D:\envi\article\target\classes\cn\edu\nuc\article\controller\InstitutionController.class], file [D:\envi\article\target\classes\cn\edu\nuc\article\controller\LogController.class], file [D:\envi\article\target\classes\cn\edu\nuc\article\controller\LoginController.class], file [D:\envi\article\target\classes\cn\edu\nuc\article\controller\RoleController.class], file [D:\envi\article\target\classes\cn\edu\nuc\article\controller\UserController.class], file [D:\envi\article\target\classes\cn\edu\nuc\article\controller\WorkFlowController.class], file [D:\envi\article\target\classes\cn\edu\nuc\article\dao\ArticleMapper.class], file [D:\envi\article\target\classes\cn\edu\nuc\article\dao\AttachmentMapper.class], file [D:\envi\article\target\classes\cn\edu\nuc\article\dao\AuditMessageMapper.class], file [D:\envi\article\target\classes\cn\edu\nuc\article\dao\FunctionMapper.class], file [D:\envi\article\target\classes\cn\edu\nuc\article\dao\InstitutionMapper.class], file [D:\envi\article\target\classes\cn\edu\nuc\article\dao\LogMapper.class], file [D:\envi\article\target\classes\cn\edu\nuc\article\dao\ReceiveMapper.class], file [D:\envi\article\target\classes\cn\edu\nuc\article\dao\RoleMapper.class], file [D:\envi\article\target\classes\cn\edu\nuc\article\dao\UserMapper.class], file [D:\envi\article\target\classes\cn\edu\nuc\article\dto\State.class], file [D:\envi\article\target\classes\cn\edu\nuc\article\dto\TreeDto.class], file [D:\envi\article\target\classes\cn\edu\nuc\article\entity\Article.class], file [D:\envi\article\target\classes\cn\edu\nuc\article\entity\Attachment.class], file [D:\envi\article\target\classes\cn\edu\nuc\article\entity\AuditMessage.class], file [D:\envi\article\target\classes\cn\edu\nuc\article\entity\Function.class], file [D:\envi\article\target\classes\cn\edu\nuc\article\entity\Institution.class], file [D:\envi\article\target\classes\cn\edu\nuc\article\entity\Log.class], file [D:\envi\article\target\classes\cn\edu\nuc\article\entity\Role.class], file [D:\envi\article\target\classes\cn\edu\nuc\article\entity\User.class], file [D:\envi\article\target\classes\cn\edu\nuc\article\filter\XssFilter.class], file [D:\envi\article\target\classes\cn\edu\nuc\article\filter\XssHttpServletRequestWrapper.class], file [D:\envi\article\target\classes\cn\edu\nuc\article\interceptor\LoginInterceptor.class], file [D:\envi\article\target\classes\cn\edu\nuc\article\service\ArticleService.class], file [D:\envi\article\target\classes\cn\edu\nuc\article\service\AttachmentService.class], file [D:\envi\article\target\classes\cn\edu\nuc\article\service\AuditMessageService.class], file [D:\envi\article\target\classes\cn\edu\nuc\article\service\FileService.class], file [D:\envi\article\target\classes\cn\edu\nuc\article\service\FunctionService.class], file [D:\envi\article\target\classes\cn\edu\nuc\article\service\InstitutionService.class], file [D:\envi\article\target\classes\cn\edu\nuc\article\service\LogService.class], file [D:\envi\article\target\classes\cn\edu\nuc\article\service\ReceiveService.class], file [D:\envi\article\target\classes\cn\edu\nuc\article\service\RoleService.class], file [D:\envi\article\target\classes\cn\edu\nuc\article\service\UserService.class], file [D:\envi\article\target\classes\cn\edu\nuc\article\service\WorkFlowDefinationService.class], file [D:\envi\article\target\classes\cn\edu\nuc\article\util\CodeUtil.class], file [D:\envi\article\target\classes\cn\edu\nuc\article\util\ExcelTools.class], file [D:\envi\article\target\classes\cn\edu\nuc\article\util\IpUtil.class], file [D:\envi\article\target\classes\cn\edu\nuc\article\util\KeyProvider.class], file [D:\envi\article\target\classes\cn\edu\nuc\article\util\MD5Helper.class], file [D:\envi\article\target\classes\cn\edu\nuc\article\validategroup\UserValidateGroupForInsert.class], file [D:\envi\article\target\classes\cn\edu\nuc\article\validategroup\UserValidateGroupForPasswordModify.class], file [D:\envi\article\target\classes\cn\edu\nuc\article\validategroup\UserValidateGroupForUpdate.class], file [D:\envi\article\target\classes\cn\edu\nuc\article\validategroup\UserValidateGroupForUserModify.class]]
14:19:48.328 [main] DEBUG o.s.c.a.ClassPathBeanDefinitionScanner - Identified candidate component class: file [D:\envi\article\target\classes\cn\edu\nuc\article\service\ArticleService.class]
14:19:48.328 [main] DEBUG o.s.c.a.ClassPathBeanDefinitionScanner - Identified candidate component class: file [D:\envi\article\target\classes\cn\edu\nuc\article\service\AttachmentService.class]
14:19:48.329 [main] DEBUG o.s.c.a.ClassPathBeanDefinitionScanner - Identified candidate component class: file [D:\envi\article\target\classes\cn\edu\nuc\article\service\AuditMessageService.class]
14:19:48.330 [main] DEBUG o.s.c.a.ClassPathBeanDefinitionScanner - Identified candidate component class: file [D:\envi\article\target\classes\cn\edu\nuc\article\service\FileService.class]
14:19:48.330 [main] DEBUG o.s.c.a.ClassPathBeanDefinitionScanner - Identified candidate component class: file [D:\envi\article\target\classes\cn\edu\nuc\article\service\FunctionService.class]
14:19:48.331 [main] DEBUG o.s.c.a.ClassPathBeanDefinitionScanner - Identified candidate component class: file [D:\envi\article\target\classes\cn\edu\nuc\article\service\InstitutionService.class]
14:19:48.341 [main] DEBUG o.s.c.a.ClassPathBeanDefinitionScanner - Identified candidate component class: file [D:\envi\article\target\classes\cn\edu\nuc\article\service\LogService.class]
14:19:48.342 [main] DEBUG o.s.c.a.ClassPathBeanDefinitionScanner - Identified candidate component class: file [D:\envi\article\target\classes\cn\edu\nuc\article\service\ReceiveService.class]
14:19:48.344 [main] DEBUG o.s.c.a.ClassPathBeanDefinitionScanner - Identified candidate component class: file [D:\envi\article\target\classes\cn\edu\nuc\article\service\RoleService.class]
14:19:48.345 [main] DEBUG o.s.c.a.ClassPathBeanDefinitionScanner - Identified candidate component class: file [D:\envi\article\target\classes\cn\edu\nuc\article\service\UserService.class]
14:19:48.346 [main] DEBUG o.s.c.a.ClassPathBeanDefinitionScanner - Identified candidate component class: file [D:\envi\article\target\classes\cn\edu\nuc\article\service\WorkFlowDefinationService.class]
14:19:48.371 [main] DEBUG o.s.b.f.xml.XmlBeanDefinitionReader - Loaded 26 bean definitions from location pattern [classpath:spring-context.xml]
14:19:48.372 [main] INFO  o.s.b.f.xml.XmlBeanDefinitionReader - Loading XML bean definitions from class path resource [spring-activiti.xml]
14:19:48.374 [main] DEBUG o.s.b.f.xml.DefaultDocumentLoader - Using JAXP provider [com.sun.org.apache.xerces.internal.jaxp.DocumentBuilderFactoryImpl]
14:19:48.375 [main] DEBUG o.s.b.f.xml.PluggableSchemaResolver - Found XML schema [http://www.springframework.org/schema/beans/spring-beans.xsd] in classpath: org/springframework/beans/factory/xml/spring-beans-4.3.xsd
14:19:48.397 [main] DEBUG o.s.b.f.x.DefaultBeanDefinitionDocumentReader - Loading bean definitions
14:19:48.399 [main] DEBUG o.s.b.f.xml.XmlBeanDefinitionReader - Loaded 8 bean definitions from location pattern [classpath:spring-activiti.xml]
14:19:48.403 [main] INFO  o.s.c.s.GenericApplicationContext - Refreshing org.springframework.context.support.GenericApplicationContext@5e25a92e: startup date [Wed Nov 27 14:19:48 CST 2019]; root of context hierarchy
14:19:48.403 [main] DEBUG o.s.c.s.GenericApplicationContext - Bean factory for org.springframework.context.support.GenericApplicationContext@5e25a92e: org.springframework.beans.factory.support.DefaultListableBeanFactory@1e178745: defining beans [org.springframework.context.support.PropertySourcesPlaceholderConfigurer#0,dataSource,sqlSessionFactory,org.mybatis.spring.mapper.MapperScannerConfigurer#0,transactionManager,org.springframework.aop.config.internalAutoProxyCreator,org.springframework.transaction.annotation.AnnotationTransactionAttributeSource#0,org.springframework.transaction.interceptor.TransactionInterceptor#0,org.springframework.transaction.config.internalTransactionAdvisor,articleService,attachmentService,auditMessageService,fileService,functionService,institutionService,logService,receiveService,roleService,userService,workFlowDefinationService,org.springframework.context.annotation.internalConfigurationAnnotationProcessor,org.springframework.context.annotation.internalAutowiredAnnotationProcessor,org.springframework.context.annotation.internalRequiredAnnotationProcessor,org.springframework.context.annotation.internalCommonAnnotationProcessor,org.springframework.context.event.internalEventListenerProcessor,org.springframework.context.event.internalEventListenerFactory,processEngineConfiguration,processEngine,repositoryService,runtimeService,taskService,historyService,formService,identityService]; root of factory hierarchy
14:19:48.478 [main] DEBUG o.s.b.f.s.DefaultListableBeanFactory - Creating shared instance of singleton bean &apos;org.springframework.context.annotation.internalConfigurationAnnotationProcessor&apos;
14:19:48.478 [main] DEBUG o.s.b.f.s.DefaultListableBeanFactory - Creating instance of bean &apos;org.springframework.context.annotation.internalConfigurationAnnotationProcessor&apos;
14:19:48.519 [main] DEBUG o.s.b.f.s.DefaultListableBeanFactory - Eagerly caching bean &apos;org.springframework.context.annotation.internalConfigurationAnnotationProcessor&apos; to allow for resolving potential circular references
14:19:48.522 [main] DEBUG o.s.b.f.s.DefaultListableBeanFactory - Finished creating instance of bean &apos;org.springframework.context.annotation.internalConfigurationAnnotationProcessor&apos;
14:19:48.592 [main] DEBUG o.s.b.f.s.DefaultListableBeanFactory - Creating shared instance of singleton bean &apos;org.mybatis.spring.mapper.MapperScannerConfigurer#0&apos;
14:19:48.592 [main] DEBUG o.s.b.f.s.DefaultListableBeanFactory - Creating instance of bean &apos;org.mybatis.spring.mapper.MapperScannerConfigurer#0&apos;
14:19:48.593 [main] DEBUG o.s.b.f.s.DefaultListableBeanFactory - Eagerly caching bean &apos;org.mybatis.spring.mapper.MapperScannerConfigurer#0&apos; to allow for resolving potential circular references
14:19:48.626 [main] DEBUG o.s.b.f.s.DefaultListableBeanFactory - Invoking afterPropertiesSet() on bean with name &apos;org.mybatis.spring.mapper.MapperScannerConfigurer#0&apos;
14:19:48.627 [main] DEBUG o.s.b.f.s.DefaultListableBeanFactory - Finished creating instance of bean &apos;org.mybatis.spring.mapper.MapperScannerConfigurer#0&apos;
14:19:48.629 [main] DEBUG o.s.core.env.StandardEnvironment - Adding [systemProperties] PropertySource with lowest search precedence
14:19:48.629 [main] DEBUG o.s.core.env.StandardEnvironment - Adding [systemEnvironment] PropertySource with lowest search precedence
14:19:48.629 [main] DEBUG o.s.core.env.StandardEnvironment - Initialized StandardEnvironment with PropertySources [systemProperties,systemEnvironment]
14:19:48.632 [main] DEBUG o.s.c.i.s.PathMatchingResourcePatternResolver - Resolved classpath location [cn/edu/nuc/article/dao/] to resources [URL [file:/D:/envi/article/target/classes/cn/edu/nuc/article/dao/]]
14:19:48.632 [main] DEBUG o.s.c.i.s.PathMatchingResourcePatternResolver - Looking for matching resources in directory tree [D:\envi\article\target\classes\cn\edu\nuc\article\dao]
14:19:48.632 [main] DEBUG o.s.c.i.s.PathMatchingResourcePatternResolver - Searching directory [D:\envi\article\target\classes\cn\edu\nuc\article\dao] for files matching pattern [D:/envi/article/target/classes/cn/edu/nuc/article/dao/**/*.class]
14:19:48.661 [main] DEBUG o.s.c.i.s.PathMatchingResourcePatternResolver - Resolved location pattern [classpath*:cn/edu/nuc/article/dao/**/*.class] to resources [file [D:\envi\article\target\classes\cn\edu\nuc\article\dao\ArticleMapper.class], file [D:\envi\article\target\classes\cn\edu\nuc\article\dao\AttachmentMapper.class], file [D:\envi\article\target\classes\cn\edu\nuc\article\dao\AuditMessageMapper.class], file [D:\envi\article\target\classes\cn\edu\nuc\article\dao\FunctionMapper.class], file [D:\envi\article\target\classes\cn\edu\nuc\article\dao\InstitutionMapper.class], file [D:\envi\article\target\classes\cn\edu\nuc\article\dao\LogMapper.class], file [D:\envi\article\target\classes\cn\edu\nuc\article\dao\ReceiveMapper.class], file [D:\envi\article\target\classes\cn\edu\nuc\article\dao\RoleMapper.class], file [D:\envi\article\target\classes\cn\edu\nuc\article\dao\UserMapper.class]]
14:19:48.673 [main] DEBUG o.m.s.mapper.ClassPathMapperScanner - Identified candidate component class: file [D:\envi\article\target\classes\cn\edu\nuc\article\dao\ArticleMapper.class]
14:19:48.674 [main] DEBUG o.m.s.mapper.ClassPathMapperScanner - Identified candidate component class: file [D:\envi\article\target\classes\cn\edu\nuc\article\dao\AttachmentMapper.class]
14:19:48.674 [main] DEBUG o.m.s.mapper.ClassPathMapperScanner - Identified candidate component class: file [D:\envi\article\target\classes\cn\edu\nuc\article\dao\AuditMessageMapper.class]
14:19:48.675 [main] DEBUG o.m.s.mapper.ClassPathMapperScanner - Identified candidate component class: file [D:\envi\article\target\classes\cn\edu\nuc\article\dao\FunctionMapper.class]
14:19:48.675 [main] DEBUG o.m.s.mapper.ClassPathMapperScanner - Identified candidate component class: file [D:\envi\article\target\classes\cn\edu\nuc\article\dao\InstitutionMapper.class]
14:19:48.676 [main] DEBUG o.m.s.mapper.ClassPathMapperScanner - Identified candidate component class: file [D:\envi\article\target\classes\cn\edu\nuc\article\dao\LogMapper.class]
14:19:48.677 [main] DEBUG o.m.s.mapper.ClassPathMapperScanner - Identified candidate component class: file [D:\envi\article\target\classes\cn\edu\nuc\article\dao\ReceiveMapper.class]
14:19:48.677 [main] DEBUG o.m.s.mapper.ClassPathMapperScanner - Identified candidate component class: file [D:\envi\article\target\classes\cn\edu\nuc\article\dao\RoleMapper.class]
14:19:48.677 [main] DEBUG o.m.s.mapper.ClassPathMapperScanner - Identified candidate component class: file [D:\envi\article\target\classes\cn\edu\nuc\article\dao\UserMapper.class]
14:19:48.678 [main] DEBUG o.m.s.mapper.ClassPathMapperScanner - Creating MapperFactoryBean with name &apos;articleMapper&apos; and &apos;cn.edu.nuc.article.dao.ArticleMapper&apos; mapperInterface
14:19:48.679 [main] DEBUG o.m.s.mapper.ClassPathMapperScanner - Creating MapperFactoryBean with name &apos;attachmentMapper&apos; and &apos;cn.edu.nuc.article.dao.AttachmentMapper&apos; mapperInterface
14:19:48.679 [main] DEBUG o.m.s.mapper.ClassPathMapperScanner - Creating MapperFactoryBean with name &apos;auditMessageMapper&apos; and &apos;cn.edu.nuc.article.dao.AuditMessageMapper&apos; mapperInterface
14:19:48.679 [main] DEBUG o.m.s.mapper.ClassPathMapperScanner - Creating MapperFactoryBean with name &apos;functionMapper&apos; and &apos;cn.edu.nuc.article.dao.FunctionMapper&apos; mapperInterface
14:19:48.679 [main] DEBUG o.m.s.mapper.ClassPathMapperScanner - Creating MapperFactoryBean with name &apos;institutionMapper&apos; and &apos;cn.edu.nuc.article.dao.InstitutionMapper&apos; mapperInterface
14:19:48.679 [main] DEBUG o.m.s.mapper.ClassPathMapperScanner - Creating MapperFactoryBean with name &apos;logMapper&apos; and &apos;cn.edu.nuc.article.dao.LogMapper&apos; mapperInterface
14:19:48.680 [main] DEBUG o.m.s.mapper.ClassPathMapperScanner - Creating MapperFactoryBean with name &apos;receiveMapper&apos; and &apos;cn.edu.nuc.article.dao.ReceiveMapper&apos; mapperInterface
14:19:48.680 [main] DEBUG o.m.s.mapper.ClassPathMapperScanner - Creating MapperFactoryBean with name &apos;roleMapper&apos; and &apos;cn.edu.nuc.article.dao.RoleMapper&apos; mapperInterface
14:19:48.680 [main] DEBUG o.m.s.mapper.ClassPathMapperScanner - Creating MapperFactoryBean with name &apos;userMapper&apos; and &apos;cn.edu.nuc.article.dao.UserMapper&apos; mapperInterface
14:19:48.690 [main] DEBUG o.s.b.f.s.DefaultListableBeanFactory - Creating shared instance of singleton bean &apos;org.springframework.context.support.PropertySourcesPlaceholderConfigurer#0&apos;
14:19:48.691 [main] DEBUG o.s.b.f.s.DefaultListableBeanFactory - Creating instance of bean &apos;org.springframework.context.support.PropertySourcesPlaceholderConfigurer#0&apos;
14:19:48.692 [main] DEBUG o.s.b.f.s.DefaultListableBeanFactory - Eagerly caching bean &apos;org.springframework.context.support.PropertySourcesPlaceholderConfigurer#0&apos; to allow for resolving potential circular references
14:19:48.810 [main] DEBUG o.s.b.f.s.DefaultListableBeanFactory - Finished creating instance of bean &apos;org.springframework.context.support.PropertySourcesPlaceholderConfigurer#0&apos;
14:19:48.811 [main] DEBUG o.s.core.env.MutablePropertySources - Adding [environmentProperties] PropertySource with lowest search precedence
14:19:48.811 [main] INFO  o.s.c.s.PropertySourcesPlaceholderConfigurer - Loading properties file from class path resource [jdbc.properties]
14:19:48.811 [main] DEBUG o.s.core.env.MutablePropertySources - Adding [localProperties] PropertySource with lowest search precedence
14:19:48.814 [main] DEBUG o.s.c.e.PropertySourcesPropertyResolver - Could not find key &apos;mysql.driverClass&apos; in any property source
14:19:48.814 [main] DEBUG o.s.c.e.PropertySourcesPropertyResolver - Found key &apos;mysql.driverClass&apos; in [localProperties] with type [String]
14:19:48.816 [main] DEBUG o.s.c.e.PropertySourcesPropertyResolver - Could not find key &apos;mysql.url&apos; in any property source
14:19:48.816 [main] DEBUG o.s.c.e.PropertySourcesPropertyResolver - Found key &apos;mysql.url&apos; in [localProperties] with type [String]
14:19:48.816 [main] DEBUG o.s.c.e.PropertySourcesPropertyResolver - Could not find key &apos;mysql.username&apos; in any property source
14:19:48.816 [main] DEBUG o.s.c.e.PropertySourcesPropertyResolver - Found key &apos;mysql.username&apos; in [localProperties] with type [String]
14:19:48.817 [main] DEBUG o.s.c.e.PropertySourcesPropertyResolver - Could not find key &apos;mysql.password&apos; in any property source
14:19:48.817 [main] DEBUG o.s.c.e.PropertySourcesPropertyResolver - Found key &apos;mysql.password&apos; in [localProperties] with type [String]
14:19:48.817 [main] DEBUG o.s.c.e.PropertySourcesPropertyResolver - Could not find key &apos;c3p0.acquireIncrement&apos; in any property source
14:19:48.817 [main] DEBUG o.s.c.e.PropertySourcesPropertyResolver - Found key &apos;c3p0.acquireIncrement&apos; in [localProperties] with type [String]
14:19:48.817 [main] DEBUG o.s.c.e.PropertySourcesPropertyResolver - Could not find key &apos;c3p0.maxPoolSize&apos; in any property source
14:19:48.817 [main] DEBUG o.s.c.e.PropertySourcesPropertyResolver - Found key &apos;c3p0.maxPoolSize&apos; in [localProperties] with type [String]
14:19:48.817 [main] DEBUG o.s.c.e.PropertySourcesPropertyResolver - Could not find key &apos;c3p0.minPoolSize&apos; in any property source
14:19:48.818 [main] DEBUG o.s.c.e.PropertySourcesPropertyResolver - Found key &apos;c3p0.minPoolSize&apos; in [localProperties] with type [String]
14:19:48.818 [main] DEBUG o.s.c.e.PropertySourcesPropertyResolver - Could not find key &apos;c3p0.initialPoolSize&apos; in any property source
14:19:48.818 [main] DEBUG o.s.c.e.PropertySourcesPropertyResolver - Found key &apos;c3p0.initialPoolSize&apos; in [localProperties] with type [String]
14:19:48.818 [main] DEBUG o.s.c.e.PropertySourcesPropertyResolver - Could not find key &apos;c3p0.maxIdleTime&apos; in any property source
14:19:48.818 [main] DEBUG o.s.c.e.PropertySourcesPropertyResolver - Found key &apos;c3p0.maxIdleTime&apos; in [localProperties] with type [String]
14:19:48.818 [main] DEBUG o.s.c.e.PropertySourcesPropertyResolver - Could not find key &apos;c3p0.maxStatements&apos; in any property source
14:19:48.818 [main] DEBUG o.s.c.e.PropertySourcesPropertyResolver - Found key &apos;c3p0.maxStatements&apos; in [localProperties] with type [String]
14:19:48.818 [main] DEBUG o.s.c.e.PropertySourcesPropertyResolver - Could not find key &apos;c3p0.maxStatementsPerConnection&apos; in any property source
14:19:48.819 [main] DEBUG o.s.c.e.PropertySourcesPropertyResolver - Found key &apos;c3p0.maxStatementsPerConnection&apos; in [localProperties] with type [String]
14:19:48.819 [main] DEBUG o.s.c.e.PropertySourcesPropertyResolver - Could not find key &apos;c3p0.idleConnectionTestPeriod&apos; in any property source
14:19:48.819 [main] DEBUG o.s.c.e.PropertySourcesPropertyResolver - Found key &apos;c3p0.idleConnectionTestPeriod&apos; in [localProperties] with type [String]
14:19:48.822 [main] DEBUG o.s.b.f.s.DefaultListableBeanFactory - Creating shared instance of singleton bean &apos;org.springframework.context.annotation.internalAutowiredAnnotationProcessor&apos;
14:19:48.822 [main] DEBUG o.s.b.f.s.DefaultListableBeanFactory - Creating instance of bean &apos;org.springframework.context.annotation.internalAutowiredAnnotationProcessor&apos;
14:19:48.823 [main] DEBUG o.s.b.f.s.DefaultListableBeanFactory - Eagerly caching bean &apos;org.springframework.context.annotation.internalAutowiredAnnotationProcessor&apos; to allow for resolving potential circular references
14:19:48.823 [main] DEBUG o.s.b.f.s.DefaultListableBeanFactory - Finished creating instance of bean &apos;org.springframework.context.annotation.internalAutowiredAnnotationProcessor&apos;
14:19:48.823 [main] DEBUG o.s.b.f.s.DefaultListableBeanFactory - Creating shared instance of singleton bean &apos;org.springframework.context.annotation.internalRequiredAnnotationProcessor&apos;
14:19:48.823 [main] DEBUG o.s.b.f.s.DefaultListableBeanFactory - Creating instance of bean &apos;org.springframework.context.annotation.internalRequiredAnnotationProcessor&apos;
14:19:48.823 [main] DEBUG o.s.b.f.s.DefaultListableBeanFactory - Eagerly caching bean &apos;org.springframework.context.annotation.internalRequiredAnnotationProcessor&apos; to allow for resolving potential circular references
14:19:48.824 [main] DEBUG o.s.b.f.s.DefaultListableBeanFactory - Finished creating instance of bean &apos;org.springframework.context.annotation.internalRequiredAnnotationProcessor&apos;
14:19:48.824 [main] DEBUG o.s.b.f.s.DefaultListableBeanFactory - Creating shared instance of singleton bean &apos;org.springframework.context.annotation.internalCommonAnnotationProcessor&apos;
14:19:48.824 [main] DEBUG o.s.b.f.s.DefaultListableBeanFactory - Creating instance of bean &apos;org.springframework.context.annotation.internalCommonAnnotationProcessor&apos;
14:19:48.828 [main] DEBUG o.s.b.f.s.DefaultListableBeanFactory - Eagerly caching bean &apos;org.springframework.context.annotation.internalCommonAnnotationProcessor&apos; to allow for resolving potential circular references
14:19:48.828 [main] DEBUG o.s.b.f.s.DefaultListableBeanFactory - Finished creating instance of bean &apos;org.springframework.context.annotation.internalCommonAnnotationProcessor&apos;
14:19:48.828 [main] DEBUG o.s.b.f.s.DefaultListableBeanFactory - Creating shared instance of singleton bean &apos;org.springframework.context.annotation.ConfigurationClassPostProcessor.importAwareProcessor&apos;
14:19:48.828 [main] DEBUG o.s.b.f.s.DefaultListableBeanFactory - Creating instance of bean &apos;org.springframework.context.annotation.ConfigurationClassPostProcessor.importAwareProcessor&apos;
14:19:48.828 [main] DEBUG o.s.b.f.s.DefaultListableBeanFactory - Eagerly caching bean &apos;org.springframework.context.annotation.ConfigurationClassPostProcessor.importAwareProcessor&apos; to allow for resolving potential circular references
14:19:48.828 [main] DEBUG o.s.b.f.s.DefaultListableBeanFactory - Finished creating instance of bean &apos;org.springframework.context.annotation.ConfigurationClassPostProcessor.importAwareProcessor&apos;
14:19:48.828 [main] DEBUG o.s.b.f.s.DefaultListableBeanFactory - Creating shared instance of singleton bean &apos;org.springframework.context.annotation.ConfigurationClassPostProcessor.enhancedConfigurationProcessor&apos;
14:19:48.828 [main] DEBUG o.s.b.f.s.DefaultListableBeanFactory - Creating instance of bean &apos;org.springframework.context.annotation.ConfigurationClassPostProcessor.enhancedConfigurationProcessor&apos;
14:19:48.829 [main] DEBUG o.s.b.f.s.DefaultListableBeanFactory - Eagerly caching bean &apos;org.springframework.context.annotation.ConfigurationClassPostProcessor.enhancedConfigurationProcessor&apos; to allow for resolving potential circular references
14:19:48.829 [main] DEBUG o.s.b.f.s.DefaultListableBeanFactory - Finished creating instance of bean &apos;org.springframework.context.annotation.ConfigurationClassPostProcessor.enhancedConfigurationProcessor&apos;
14:19:48.829 [main] DEBUG o.s.b.f.s.DefaultListableBeanFactory - Creating shared instance of singleton bean &apos;org.springframework.aop.config.internalAutoProxyCreator&apos;
14:19:48.829 [main] DEBUG o.s.b.f.s.DefaultListableBeanFactory - Creating instance of bean &apos;org.springframework.aop.config.internalAutoProxyCreator&apos;
14:19:48.844 [main] DEBUG o.s.b.f.s.DefaultListableBeanFactory - Eagerly caching bean &apos;org.springframework.aop.config.internalAutoProxyCreator&apos; to allow for resolving potential circular references
14:19:48.859 [main] DEBUG o.s.b.f.s.DefaultListableBeanFactory - Finished creating instance of bean &apos;org.springframework.aop.config.internalAutoProxyCreator&apos;
14:19:48.865 [main] DEBUG o.s.c.s.GenericApplicationContext - Unable to locate MessageSource with name &apos;messageSource&apos;: using default [org.springframework.context.support.DelegatingMessageSource@2cf3d63b]
14:19:48.867 [main] DEBUG o.s.c.s.GenericApplicationContext - Unable to locate ApplicationEventMulticaster with name &apos;applicationEventMulticaster&apos;: using default [org.springframework.context.event.SimpleApplicationEventMulticaster@2af004b]
14:19:48.870 [main] DEBUG o.s.b.f.s.DefaultListableBeanFactory - Pre-instantiating singletons in org.springframework.beans.factory.support.DefaultListableBeanFactory@1e178745: defining beans [org.springframework.context.support.PropertySourcesPlaceholderConfigurer#0,dataSource,sqlSessionFactory,org.mybatis.spring.mapper.MapperScannerConfigurer#0,transactionManager,org.springframework.aop.config.internalAutoProxyCreator,org.springframework.transaction.annotation.AnnotationTransactionAttributeSource#0,org.springframework.transaction.interceptor.TransactionInterceptor#0,org.springframework.transaction.config.internalTransactionAdvisor,articleService,attachmentService,auditMessageService,fileService,functionService,institutionService,logService,receiveService,roleService,userService,workFlowDefinationService,org.springframework.context.annotation.internalConfigurationAnnotationProcessor,org.springframework.context.annotation.internalAutowiredAnnotationProcessor,org.springframework.context.annotation.internalRequiredAnnotationProcessor,org.springframework.context.annotation.internalCommonAnnotationProcessor,org.springframework.context.event.internalEventListenerProcessor,org.springframework.context.event.internalEventListenerFactory,processEngineConfiguration,processEngine,repositoryService,runtimeService,taskService,historyService,formService,identityService,org.springframework.context.annotation.ConfigurationClassPostProcessor.importAwareProcessor,org.springframework.context.annotation.ConfigurationClassPostProcessor.enhancedConfigurationProcessor,articleMapper,attachmentMapper,auditMessageMapper,functionMapper,institutionMapper,logMapper,receiveMapper,roleMapper,userMapper]; root of factory hierarchy
14:19:48.871 [main] DEBUG o.s.b.f.s.DefaultListableBeanFactory - Returning cached instance of singleton bean &apos;org.springframework.context.support.PropertySourcesPlaceholderConfigurer#0&apos;
14:19:48.871 [main] DEBUG o.s.b.f.s.DefaultListableBeanFactory - Creating shared instance of singleton bean &apos;dataSource&apos;
14:19:48.871 [main] DEBUG o.s.b.f.s.DefaultListableBeanFactory - Creating instance of bean &apos;dataSource&apos;
14:19:48.931 [main] DEBUG com.mchange.v2.cfg.MConfig - The configuration file for resource identifier &apos;/mchange-commons.properties&apos; could not be found. Skipping.
14:19:48.931 [main] DEBUG com.mchange.v2.cfg.MConfig - The configuration file for resource identifier &apos;/mchange-log.properties&apos; could not be found. Skipping.
14:19:48.931 [main] DEBUG com.mchange.v2.cfg.MConfig - The configuration file for resource identifier &apos;hocon:/reference,/application,/c3p0,/&apos; could not be found. Skipping.
14:19:48.932 [main] DEBUG com.mchange.v2.cfg.MConfig - The configuration file for resource identifier &apos;/c3p0.properties&apos; could not be found. Skipping.
14:19:48.949 [MLog-Init-Reporter] INFO  com.mchange.v2.log.MLog - MLog clients using slf4j logging.
14:19:48.950 [MLog-Init-Reporter] DEBUG com.mchange.v2.log.MLog - Reading VM config for path list /com/mchange/v2/log/default-mchange-log.properties, /mchange-commons.properties, /c3p0.properties, hocon:/reference,/application,/c3p0,/, /mchange-log.properties, /
14:19:48.950 [MLog-Init-Reporter] DEBUG com.mchange.v2.log.MLog - The configuration file for resource identifier &apos;/mchange-commons.properties&apos; could not be found. Skipping.
14:19:48.950 [MLog-Init-Reporter] DEBUG com.mchange.v2.log.MLog - The configuration file for resource identifier &apos;/c3p0.properties&apos; could not be found. Skipping.
14:19:48.950 [MLog-Init-Reporter] DEBUG com.mchange.v2.log.MLog - The configuration file for resource identifier &apos;hocon:/reference,/application,/c3p0,/&apos; could not be found. Skipping.
14:19:48.950 [MLog-Init-Reporter] DEBUG com.mchange.v2.log.MLog - The configuration file for resource identifier &apos;/mchange-log.properties&apos; could not be found. Skipping.
14:19:49.233 [main] INFO  com.mchange.v2.c3p0.C3P0Registry - Initializing c3p0-0.9.5.2 [built 08-December-2015 22:06:04 -0800; debug? true; trace: 10]
14:19:49.365 [main] DEBUG c.m.v.c.m.DynamicPooledDataSourceManagerMBean - MBean: com.mchange.v2.c3p0:type=PooledDataSource,identityToken=1bqoohua61bl82gcp46wbl|431cd9b2,name=1bqoohua61bl82gcp46wbl|431cd9b2 registered.
14:19:49.415 [main] DEBUG c.m.v.c.m.DynamicPooledDataSourceManagerMBean - MBean: com.mchange.v2.c3p0:type=PooledDataSource,identityToken=1bqoohua61bl82gcp46wbl|431cd9b2,name=1bqoohua61bl82gcp46wbl|431cd9b2 unregistered, in order to be reregistered after update.
14:19:49.416 [main] DEBUG c.m.v.c.m.DynamicPooledDataSourceManagerMBean - MBean: com.mchange.v2.c3p0:type=PooledDataSource,identityToken=1bqoohua61bl82gcp46wbl|431cd9b2,name=1bqoohua61bl82gcp46wbl|431cd9b2 registered.
14:19:49.420 [main] DEBUG o.s.b.f.s.DefaultListableBeanFactory - Eagerly caching bean &apos;dataSource&apos; to allow for resolving potential circular references
14:19:49.453 [main] DEBUG o.s.b.f.s.DefaultListableBeanFactory - Creating shared instance of singleton bean &apos;org.springframework.transaction.config.internalTransactionAdvisor&apos;
14:19:49.453 [main] DEBUG o.s.b.f.s.DefaultListableBeanFactory - Creating instance of bean &apos;org.springframework.transaction.config.internalTransactionAdvisor&apos;
14:19:49.455 [main] DEBUG o.s.b.f.s.DefaultListableBeanFactory - Eagerly caching bean &apos;org.springframework.transaction.config.internalTransactionAdvisor&apos; to allow for resolving potential circular references
14:19:49.460 [main] DEBUG o.s.b.f.s.DefaultListableBeanFactory - Creating shared instance of singleton bean &apos;org.springframework.transaction.annotation.AnnotationTransactionAttributeSource#0&apos;
14:19:49.460 [main] DEBUG o.s.b.f.s.DefaultListableBeanFactory - Creating instance of bean &apos;org.springframework.transaction.annotation.AnnotationTransactionAttributeSource#0&apos;
14:19:49.464 [main] DEBUG o.s.b.f.s.DefaultListableBeanFactory - Eagerly caching bean &apos;org.springframework.transaction.annotation.AnnotationTransactionAttributeSource#0&apos; to allow for resolving potential circular references
14:19:49.470 [main] DEBUG o.s.a.f.a.BeanFactoryAdvisorRetrievalHelper - Skipping currently created advisor &apos;org.springframework.transaction.config.internalTransactionAdvisor&apos;
14:19:49.474 [main] DEBUG o.s.b.f.s.DefaultListableBeanFactory - Finished creating instance of bean &apos;org.springframework.transaction.annotation.AnnotationTransactionAttributeSource#0&apos;
14:19:49.475 [main] DEBUG o.s.b.f.s.DefaultListableBeanFactory - Finished creating instance of bean &apos;org.springframework.transaction.config.internalTransactionAdvisor&apos;
14:19:49.492 [main] DEBUG o.s.b.f.s.DefaultListableBeanFactory - Finished creating instance of bean &apos;dataSource&apos;
14:19:49.493 [main] DEBUG o.s.b.f.s.DefaultListableBeanFactory - Creating shared instance of singleton bean &apos;sqlSessionFactory&apos;
14:19:49.493 [main] DEBUG o.s.b.f.s.DefaultListableBeanFactory - Creating instance of bean &apos;sqlSessionFactory&apos;
14:19:49.516 [main] DEBUG org.apache.ibatis.logging.LogFactory - Logging initialized using &apos;class org.apache.ibatis.logging.slf4j.Slf4jImpl&apos; adapter.
14:19:49.518 [main] DEBUG o.s.b.f.s.DefaultListableBeanFactory - Eagerly caching bean &apos;sqlSessionFactory&apos; to allow for resolving potential circular references
14:19:49.542 [main] DEBUG o.s.b.f.s.DefaultListableBeanFactory - Returning cached instance of singleton bean &apos;dataSource&apos;
14:19:49.543 [main] DEBUG o.s.c.i.s.PathMatchingResourcePatternResolver - Looking for matching resources in directory tree [D:\envi\article\target\classes\cn\edu\nuc\article\dao]
14:19:49.543 [main] DEBUG o.s.c.i.s.PathMatchingResourcePatternResolver - Searching directory [D:\envi\article\target\classes\cn\edu\nuc\article\dao] for files matching pattern [D:/envi/article/target/classes/cn/edu/nuc/article/dao/*.xml]
14:19:49.552 [main] DEBUG o.s.c.i.s.PathMatchingResourcePatternResolver - Resolved location pattern [classpath:cn/edu/nuc/article/dao/*.xml] to resources [file [D:\envi\article\target\classes\cn\edu\nuc\article\dao\ArticleMapper.xml], file [D:\envi\article\target\classes\cn\edu\nuc\article\dao\AttachmentMapper.xml], file [D:\envi\article\target\classes\cn\edu\nuc\article\dao\AuditMessageMapper.xml], file [D:\envi\article\target\classes\cn\edu\nuc\article\dao\FunctionMapper.xml], file [D:\envi\article\target\classes\cn\edu\nuc\article\dao\InstitutionMapper.xml], file [D:\envi\article\target\classes\cn\edu\nuc\article\dao\LogMapper.xml], file [D:\envi\article\target\classes\cn\edu\nuc\article\dao\ReceiveMapper.xml], file [D:\envi\article\target\classes\cn\edu\nuc\article\dao\RoleMapper.xml], file [D:\envi\article\target\classes\cn\edu\nuc\article\dao\UserMapper.xml]]
14:19:49.554 [main] DEBUG o.s.b.f.s.DefaultListableBeanFactory - Invoking afterPropertiesSet() on bean with name &apos;sqlSessionFactory&apos;
14:19:49.643 [main] DEBUG org.apache.ibatis.io.VFS - Class not found: org.jboss.vfs.VFS
14:19:49.644 [main] DEBUG org.apache.ibatis.io.JBoss6VFS - JBoss 6 VFS API is not available in this environment.
14:19:49.644 [main] DEBUG org.apache.ibatis.io.VFS - Class not found: org.jboss.vfs.VirtualFile
14:19:49.645 [main] DEBUG org.apache.ibatis.io.VFS - VFS implementation org.apache.ibatis.io.JBoss6VFS is not valid in this environment.
14:19:49.646 [main] DEBUG org.apache.ibatis.io.VFS - Using VFS adapter org.apache.ibatis.io.DefaultVFS
14:19:49.646 [main] DEBUG org.apache.ibatis.io.DefaultVFS - Find JAR URL: file:/D:/envi/article/target/classes/cn/edu/nuc/article/entity
14:19:49.646 [main] DEBUG org.apache.ibatis.io.DefaultVFS - Not a JAR: file:/D:/envi/article/target/classes/cn/edu/nuc/article/entity
14:19:49.722 [main] DEBUG org.apache.ibatis.io.DefaultVFS - Reader entry: Article.class
14:19:49.723 [main] DEBUG org.apache.ibatis.io.DefaultVFS - Reader entry: Attachment.class
14:19:49.723 [main] DEBUG org.apache.ibatis.io.DefaultVFS - Reader entry: AuditMessage.class
14:19:49.723 [main] DEBUG org.apache.ibatis.io.DefaultVFS - Reader entry: Function.class
14:19:49.723 [main] DEBUG org.apache.ibatis.io.DefaultVFS - Reader entry: Institution.class
14:19:49.724 [main] DEBUG org.apache.ibatis.io.DefaultVFS - Reader entry: Log.class
14:19:49.724 [main] DEBUG org.apache.ibatis.io.DefaultVFS - Reader entry: Role.class
14:19:49.724 [main] DEBUG org.apache.ibatis.io.DefaultVFS - Reader entry: User.class
14:19:49.724 [main] DEBUG org.apache.ibatis.io.DefaultVFS - Listing file:/D:/envi/article/target/classes/cn/edu/nuc/article/entity
14:19:49.724 [main] DEBUG org.apache.ibatis.io.DefaultVFS - Find JAR URL: file:/D:/envi/article/target/classes/cn/edu/nuc/article/entity/Article.class
14:19:49.724 [main] DEBUG org.apache.ibatis.io.DefaultVFS - Not a JAR: file:/D:/envi/article/target/classes/cn/edu/nuc/article/entity/Article.class
14:19:49.726 [main] DEBUG org.apache.ibatis.io.DefaultVFS - Reader entry: ����&amp;#0;&amp;#0;&amp;#0;4&amp;#0;?
14:19:49.727 [main] DEBUG org.apache.ibatis.io.DefaultVFS - Find JAR URL: file:/D:/envi/article/target/classes/cn/edu/nuc/article/entity/Attachment.class
14:19:49.727 [main] DEBUG org.apache.ibatis.io.DefaultVFS - Not a JAR: file:/D:/envi/article/target/classes/cn/edu/nuc/article/entity/Attachment.class
14:19:49.727 [main] DEBUG org.apache.ibatis.io.DefaultVFS - Reader entry: ����&amp;#0;&amp;#0;&amp;#0;4&amp;#0;?
14:19:49.728 [main] DEBUG org.apache.ibatis.io.DefaultVFS - Find JAR URL: file:/D:/envi/article/target/classes/cn/edu/nuc/article/entity/AuditMessage.class
14:19:49.728 [main] DEBUG org.apache.ibatis.io.DefaultVFS - Not a JAR: file:/D:/envi/article/target/classes/cn/edu/nuc/article/entity/AuditMessage.class
14:19:49.728 [main] DEBUG org.apache.ibatis.io.DefaultVFS - Reader entry: ����&amp;#0;&amp;#0;&amp;#0;4&amp;#0;n
14:19:49.729 [main] DEBUG org.apache.ibatis.io.DefaultVFS - Find JAR URL: file:/D:/envi/article/target/classes/cn/edu/nuc/article/entity/Function.class
14:19:49.729 [main] DEBUG org.apache.ibatis.io.DefaultVFS - Not a JAR: file:/D:/envi/article/target/classes/cn/edu/nuc/article/entity/Function.class
14:19:49.729 [main] DEBUG org.apache.ibatis.io.DefaultVFS - Reader entry: ����&amp;#0;&amp;#0;&amp;#0;4&amp;#0;?
14:19:49.729 [main] DEBUG org.apache.ibatis.io.DefaultVFS - Find JAR URL: file:/D:/envi/article/target/classes/cn/edu/nuc/article/entity/Institution.class
14:19:49.730 [main] DEBUG org.apache.ibatis.io.DefaultVFS - Not a JAR: file:/D:/envi/article/target/classes/cn/edu/nuc/article/entity/Institution.class
14:19:49.730 [main] DEBUG org.apache.ibatis.io.DefaultVFS - Reader entry: ����&amp;#0;&amp;#0;&amp;#0;4&amp;#0;?
14:19:49.730 [main] DEBUG org.apache.ibatis.io.DefaultVFS - Find JAR URL: file:/D:/envi/article/target/classes/cn/edu/nuc/article/entity/Log.class
14:19:49.730 [main] DEBUG org.apache.ibatis.io.DefaultVFS - Not a JAR: file:/D:/envi/article/target/classes/cn/edu/nuc/article/entity/Log.class
14:19:49.731 [main] DEBUG org.apache.ibatis.io.DefaultVFS - Reader entry: ����&amp;#0;&amp;#0;&amp;#0;4&amp;#0;
14:19:49.731 [main] DEBUG org.apache.ibatis.io.DefaultVFS - Find JAR URL: file:/D:/envi/article/target/classes/cn/edu/nuc/article/entity/Role.class
14:19:49.731 [main] DEBUG org.apache.ibatis.io.DefaultVFS - Not a JAR: file:/D:/envi/article/target/classes/cn/edu/nuc/article/entity/Role.class
14:19:49.731 [main] DEBUG org.apache.ibatis.io.DefaultVFS - Reader entry: ����&amp;#0;&amp;#0;&amp;#0;4&amp;#0;
14:19:49.732 [main] DEBUG org.apache.ibatis.io.DefaultVFS - Find JAR URL: file:/D:/envi/article/target/classes/cn/edu/nuc/article/entity/User.class
14:19:49.732 [main] DEBUG org.apache.ibatis.io.DefaultVFS - Not a JAR: file:/D:/envi/article/target/classes/cn/edu/nuc/article/entity/User.class
14:19:49.733 [main] DEBUG org.apache.ibatis.io.DefaultVFS - Reader entry: ����&amp;#0;&amp;#0;&amp;#0;4&amp;#0;?
14:19:49.733 [main] DEBUG org.apache.ibatis.io.ResolverUtil - Checking to see if class cn.edu.nuc.article.entity.Article matches criteria [is assignable to Object]
14:19:49.734 [main] DEBUG org.apache.ibatis.io.ResolverUtil - Checking to see if class cn.edu.nuc.article.entity.Attachment matches criteria [is assignable to Object]
14:19:49.735 [main] DEBUG org.apache.ibatis.io.ResolverUtil - Checking to see if class cn.edu.nuc.article.entity.AuditMessage matches criteria [is assignable to Object]
14:19:49.735 [main] DEBUG org.apache.ibatis.io.ResolverUtil - Checking to see if class cn.edu.nuc.article.entity.Function matches criteria [is assignable to Object]
14:19:49.735 [main] DEBUG org.apache.ibatis.io.ResolverUtil - Checking to see if class cn.edu.nuc.article.entity.Institution matches criteria [is assignable to Object]
14:19:49.736 [main] DEBUG org.apache.ibatis.io.ResolverUtil - Checking to see if class cn.edu.nuc.article.entity.Log matches criteria [is assignable to Object]
14:19:49.736 [main] DEBUG org.apache.ibatis.io.ResolverUtil - Checking to see if class cn.edu.nuc.article.entity.Role matches criteria [is assignable to Object]
[...]
	at java.lang.reflect.Method.invoke(Method.java:498)
	at org.apache.ibatis.logging.jdbc.PreparedStatementLogger.invoke(PreparedStatementLogger.java:59)
	at com.sun.proxy.$Proxy36.execute(Unknown Source)
	at org.apache.ibatis.executor.statement.PreparedStatementHandler.query(PreparedStatementHandler.java:63)
	at org.apache.ibatis.executor.statement.RoutingStatementHandler.query(RoutingStatementHandler.java:79)
	at org.apache.ibatis.executor.SimpleExecutor.doQuery(SimpleExecutor.java:63)
	at org.apache.ibatis.executor.BaseExecutor.queryFromDatabase(BaseExecutor.java:324)
	at org.apache.ibatis.executor.BaseExecutor.query(BaseExecutor.java:156)
	at org.apache.ibatis.executor.CachingExecutor.query(CachingExecutor.java:109)
	at com.github.pagehelper.PageInterceptor.intercept(PageInterceptor.java:141)
	at org.apache.ibatis.plugin.Plugin.invoke(Plugin.java:61)
	at com.sun.proxy.$Proxy40.query(Unknown Source)
	at org.apache.ibatis.session.defaults.DefaultSqlSession.selectList(DefaultSqlSession.java:148)
	at org.apache.ibatis.session.defaults.DefaultSqlSession.selectList(DefaultSqlSession.java:141)
	at sun.reflect.NativeMethodAccessorImpl.invoke0(Native Method)
	at sun.reflect.NativeMethodAccessorImpl.invoke(NativeMethodAccessorImpl.java:62)
	at sun.reflect.DelegatingMethodAccessorImpl.invoke(DelegatingMethodAccessorImpl.java:43)
	at java.lang.reflect.Method.invoke(Method.java:498)
	at org.mybatis.spring.SqlSessionTemplate$SqlSessionInterceptor.invoke(SqlSessionTemplate.java:433)
	at com.sun.proxy.$Proxy20.selectList(Unknown Source)
	at org.mybatis.spring.SqlSessionTemplate.selectList(SqlSessionTemplate.java:230)
	at org.apache.ibatis.binding.MapperMethod.executeForMany(MapperMethod.java:137)
	at org.apache.ibatis.binding.MapperMethod.execute(MapperMethod.java:75)
	at org.apache.ibatis.binding.MapperProxy.invoke(MapperProxy.java:59)
	at com.sun.proxy.$Proxy21.selectListAll(Unknown Source)
	at cn.edu.nuc.test.dao.ArticleMapperTest.testList(ArticleMapperTest.java:148)
	at sun.reflect.NativeMethodAccessorImpl.invoke0(Native Method)
	at sun.reflect.NativeMethodAccessorImpl.invoke(NativeMethodAccessorImpl.java:62)
	at sun.reflect.DelegatingMethodAccessorImpl.invoke(DelegatingMethodAccessorImpl.java:43)
	at java.lang.reflect.Method.invoke(Method.java:498)
	at org.junit.runners.model.FrameworkMethod$1.runReflectiveCall(FrameworkMethod.java:50)
	at org.junit.internal.runners.model.ReflectiveCallable.run(ReflectiveCallable.java:12)
	at org.junit.runners.model.FrameworkMethod.invokeExplosively(FrameworkMethod.java:47)
	at org.junit.internal.runners.statements.InvokeMethod.evaluate(InvokeMethod.java:17)
	at org.springframework.test.context.junit4.statements.RunBeforeTestMethodCallbacks.evaluate(RunBeforeTestMethodCallbacks.java:75)
	at org.springframework.test.context.junit4.statements.RunAfterTestMethodCallbacks.evaluate(RunAfterTestMethodCallbacks.java:86)
	at org.springframework.test.context.junit4.statements.SpringRepeat.evaluate(SpringRepeat.java:84)
	at org.junit.runners.ParentRunner.runLeaf(ParentRunner.java:325)
	at org.springframework.test.context.junit4.SpringJUnit4ClassRunner.runChild(SpringJUnit4ClassRunner.java:252)
	at org.springframework.test.context.junit4.SpringJUnit4ClassRunner.runChild(SpringJUnit4ClassRunner.java:94)
	at org.junit.runners.ParentRunner$3.run(ParentRunner.java:290)
	at org.junit.runners.ParentRunner$1.schedule(ParentRunner.java:71)
	at org.junit.runners.ParentRunner.runChildren(ParentRunner.java:288)
	at org.junit.runners.ParentRunner.access$000(ParentRunner.java:58)
	at org.junit.runners.ParentRunner$2.evaluate(ParentRunner.java:268)
	at org.springframework.test.context.junit4.statements.RunBeforeTestClassCallbacks.evaluate(RunBeforeTestClassCallbacks.java:61)
	at org.springframework.test.context.junit4.statements.RunAfterTestClassCallbacks.evaluate(RunAfterTestClassCallbacks.java:70)
	at org.junit.runners.ParentRunner.run(ParentRunner.java:363)
	at org.springframework.test.context.junit4.SpringJUnit4ClassRunner.run(SpringJUnit4ClassRunner.java:191)
	at org.apache.maven.surefire.junit4.JUnit4Provider.execute(JUnit4Provider.java:252)
	at org.apache.maven.surefire.junit4.JUnit4Provider.executeTestSet(JUnit4Provider.java:141)
	at org.apache.maven.surefire.junit4.JUnit4Provider.invoke(JUnit4Provider.java:112)
	at sun.reflect.NativeMethodAccessorImpl.invoke0(Native Method)
	at sun.reflect.NativeMethodAccessorImpl.invoke(NativeMethodAccessorImpl.java:62)
	at sun.reflect.DelegatingMethodAccessorImpl.invoke(DelegatingMethodAccessorImpl.java:43)
	at java.lang.reflect.Method.invoke(Method.java:498)
	at org.apache.maven.surefire.util.ReflectionUtils.invokeMethodWithArray(ReflectionUtils.java:189)
	at org.apache.maven.surefire.booter.ProviderFactory$ProviderProxy.invoke(ProviderFactory.java:165)
	at org.apache.maven.surefire.booter.ProviderFactory.invokeProvider(ProviderFactory.java:85)
	at org.apache.maven.surefire.booter.ForkedBooter.runSuitesInProcess(ForkedBooter.java:115)
	at org.apache.maven.surefire.booter.ForkedBooter.main(ForkedBooter.java:75)
14:19:53.239 [main] DEBUG org.mybatis.spring.SqlSessionUtils - Closing non transactional SqlSession [org.apache.ibatis.session.defaults.DefaultSqlSession@5bb8f9e2]
14:19:53.239 [main] DEBUG o.s.jdbc.datasource.DataSourceUtils - Returning JDBC Connection to DataSource
14:19:53.255 [main] DEBUG o.s.core.env.StandardEnvironment - Adding [systemProperties] PropertySource with lowest search precedence
14:19:53.256 [main] DEBUG o.s.core.env.StandardEnvironment - Adding [systemEnvironment] PropertySource with lowest search precedence
14:19:53.256 [main] DEBUG o.s.core.env.StandardEnvironment - Initialized StandardEnvironment with PropertySources [systemProperties,systemEnvironment]
14:19:53.256 [main] INFO  o.s.b.f.xml.XmlBeanDefinitionReader - Loading XML bean definitions from class path resource [org/springframework/jdbc/support/sql-error-codes.xml]
14:19:53.257 [main] DEBUG o.s.b.f.xml.DefaultDocumentLoader - Using JAXP provider [com.sun.org.apache.xerces.internal.jaxp.DocumentBuilderFactoryImpl]
14:19:53.258 [main] DEBUG o.s.b.factory.xml.BeansDtdResolver - Found beans DTD [http://www.springframework.org/dtd/spring-beans-2.0.dtd] in classpath: spring-beans-2.0.dtd
14:19:53.261 [main] DEBUG o.s.b.f.x.DefaultBeanDefinitionDocumentReader - Loading bean definitions
14:19:53.266 [main] DEBUG o.s.b.f.s.DefaultListableBeanFactory - Creating shared instance of singleton bean &apos;DB2&apos;
14:19:53.266 [main] DEBUG o.s.b.f.s.DefaultListableBeanFactory - Creating instance of bean &apos;DB2&apos;
14:19:53.266 [main] DEBUG o.s.b.f.s.DefaultListableBeanFactory - Eagerly caching bean &apos;DB2&apos; to allow for resolving potential circular references
14:19:53.270 [main] DEBUG o.s.b.f.s.DefaultListableBeanFactory - Finished creating instance of bean &apos;DB2&apos;
14:19:53.270 [main] DEBUG o.s.b.f.s.DefaultListableBeanFactory - Creating shared instance of singleton bean &apos;Derby&apos;
14:19:53.270 [main] DEBUG o.s.b.f.s.DefaultListableBeanFactory - Creating instance of bean &apos;Derby&apos;
14:19:53.270 [main] DEBUG o.s.b.f.s.DefaultListableBeanFactory - Eagerly caching bean &apos;Derby&apos; to allow for resolving potential circular references
14:19:53.271 [main] DEBUG o.s.b.f.s.DefaultListableBeanFactory - Finished creating instance of bean &apos;Derby&apos;
14:19:53.271 [main] DEBUG o.s.b.f.s.DefaultListableBeanFactory - Creating shared instance of singleton bean &apos;H2&apos;
14:19:53.271 [main] DEBUG o.s.b.f.s.DefaultListableBeanFactory - Creating instance of bean &apos;H2&apos;
14:19:53.271 [main] DEBUG o.s.b.f.s.DefaultListableBeanFactory - Eagerly caching bean &apos;H2&apos; to allow for resolving potential circular references
14:19:53.271 [main] DEBUG o.s.b.f.s.DefaultListableBeanFactory - Finished creating instance of bean &apos;H2&apos;
14:19:53.272 [main] DEBUG o.s.b.f.s.DefaultListableBeanFactory - Creating shared instance of singleton bean &apos;HSQL&apos;
14:19:53.272 [main] DEBUG o.s.b.f.s.DefaultListableBeanFactory - Creating instance of bean &apos;HSQL&apos;
14:19:53.272 [main] DEBUG o.s.b.f.s.DefaultListableBeanFactory - Eagerly caching bean &apos;HSQL&apos; to allow for resolving potential circular references
14:19:53.272 [main] DEBUG o.s.b.f.s.DefaultListableBeanFactory - Finished creating instance of bean &apos;HSQL&apos;
14:19:53.272 [main] DEBUG o.s.b.f.s.DefaultListableBeanFactory - Creating shared instance of singleton bean &apos;Informix&apos;
14:19:53.272 [main] DEBUG o.s.b.f.s.DefaultListableBeanFactory - Creating instance of bean &apos;Informix&apos;
14:19:53.272 [main] DEBUG o.s.b.f.s.DefaultListableBeanFactory - Eagerly caching bean &apos;Informix&apos; to allow for resolving potential circular references
14:19:53.273 [main] DEBUG o.s.b.f.s.DefaultListableBeanFactory - Finished creating instance of bean &apos;Informix&apos;
14:19:53.273 [main] DEBUG o.s.b.f.s.DefaultListableBeanFactory - Creating shared instance of singleton bean &apos;MS-SQL&apos;
14:19:53.273 [main] DEBUG o.s.b.f.s.DefaultListableBeanFactory - Creating instance of bean &apos;MS-SQL&apos;
14:19:53.273 [main] DEBUG o.s.b.f.s.DefaultListableBeanFactory - Eagerly caching bean &apos;MS-SQL&apos; to allow for resolving potential circular references
14:19:53.274 [main] DEBUG o.s.b.f.s.DefaultListableBeanFactory - Finished creating instance of bean &apos;MS-SQL&apos;
14:19:53.274 [main] DEBUG o.s.b.f.s.DefaultListableBeanFactory - Creating shared instance of singleton bean &apos;MySQL&apos;
14:19:53.274 [main] DEBUG o.s.b.f.s.DefaultListableBeanFactory - Creating instance of bean &apos;MySQL&apos;
14:19:53.274 [main] DEBUG o.s.b.f.s.DefaultListableBeanFactory - Eagerly caching bean &apos;MySQL&apos; to allow for resolving potential circular references
14:19:53.274 [main] DEBUG o.s.b.f.s.DefaultListableBeanFactory - Finished creating instance of bean &apos;MySQL&apos;
14:19:53.274 [main] DEBUG o.s.b.f.s.DefaultListableBeanFactory - Creating shared instance of singleton bean &apos;Oracle&apos;
14:19:53.275 [main] DEBUG o.s.b.f.s.DefaultListableBeanFactory - Creating instance of bean &apos;Oracle&apos;
14:19:53.275 [main] DEBUG o.s.b.f.s.DefaultListableBeanFactory - Eagerly caching bean &apos;Oracle&apos; to allow for resolving potential circular references
14:19:53.275 [main] DEBUG o.s.b.f.s.DefaultListableBeanFactory - Finished creating instance of bean &apos;Oracle&apos;
14:19:53.275 [main] DEBUG o.s.b.f.s.DefaultListableBeanFactory - Creating shared instance of singleton bean &apos;PostgreSQL&apos;
14:19:53.275 [main] DEBUG o.s.b.f.s.DefaultListableBeanFactory - Creating instance of bean &apos;PostgreSQL&apos;
14:19:53.275 [main] DEBUG o.s.b.f.s.DefaultListableBeanFactory - Eagerly caching bean &apos;PostgreSQL&apos; to allow for resolving potential circular references
14:19:53.276 [main] DEBUG o.s.b.f.s.DefaultListableBeanFactory - Finished creating instance of bean &apos;PostgreSQL&apos;
14:19:53.276 [main] DEBUG o.s.b.f.s.DefaultListableBeanFactory - Creating shared instance of singleton bean &apos;Sybase&apos;
14:19:53.276 [main] DEBUG o.s.b.f.s.DefaultListableBeanFactory - Creating instance of bean &apos;Sybase&apos;
14:19:53.276 [main] DEBUG o.s.b.f.s.DefaultListableBeanFactory - Eagerly caching bean &apos;Sybase&apos; to allow for resolving potential circular references
14:19:53.278 [main] DEBUG o.s.b.f.s.DefaultListableBeanFactory - Finished creating instance of bean &apos;Sybase&apos;
14:19:53.278 [main] DEBUG o.s.b.f.s.DefaultListableBeanFactory - Creating shared instance of singleton bean &apos;Hana&apos;
14:19:53.278 [main] DEBUG o.s.b.f.s.DefaultListableBeanFactory - Creating instance of bean &apos;Hana&apos;
14:19:53.278 [main] DEBUG o.s.b.f.s.DefaultListableBeanFactory - Eagerly caching bean &apos;Hana&apos; to allow for resolving potential circular references
14:19:53.280 [main] DEBUG o.s.b.f.s.DefaultListableBeanFactory - Finished creating instance of bean &apos;Hana&apos;
14:19:53.280 [main] INFO  o.s.j.support.SQLErrorCodesFactory - SQLErrorCodes loaded: [DB2, Derby, H2, HSQL, Informix, MS-SQL, MySQL, Oracle, PostgreSQL, Sybase, Hana]
14:19:53.281 [main] DEBUG o.s.j.support.SQLErrorCodesFactory - Looking up default SQLErrorCodes for DataSource [com.mchange.v2.c3p0.ComboPooledDataSource[ identityToken -&gt; 1bqoohua61bl82gcp46wbl|431cd9b2, dataSourceName -&gt; 1bqoohua61bl82gcp46wbl|431cd9b2 ]]
14:19:53.283 [main] DEBUG o.s.jdbc.datasource.DataSourceUtils - Fetching JDBC Connection from DataSource
14:19:53.284 [main] DEBUG o.s.jdbc.datasource.DataSourceUtils - Returning JDBC Connection to DataSource
14:19:53.284 [main] DEBUG o.s.j.support.SQLErrorCodesFactory - Database product name cached for DataSource [com.mchange.v2.c3p0.ComboPooledDataSource@a224ff8b]: name is &apos;MySQL&apos;
14:19:53.284 [main] DEBUG o.s.j.support.SQLErrorCodesFactory - SQL error codes for &apos;MySQL&apos; found
14:19:53.285 [main] DEBUG o.s.j.s.SQLErrorCodeSQLExceptionTranslator - Translating SQLException with SQL state &apos;42S22&apos;, error code &apos;1054&apos;, message [Unknown column &apos;tb_article.publishtime&apos; in &apos;order clause&apos;]; SQL was [] for task [
### Error querying database.  Cause: com.mysql.jdbc.exceptions.MySQLSyntaxErrorException: Unknown column &apos;tb_article.publishtime&apos; in &apos;order clause&apos;
### The error may exist in file [D:\envi\article\target\classes\cn\edu\nuc\article\dao\ArticleMapper.xml]
### The error may involve cn.edu.nuc.article.dao.ArticleMapper.selectListAll-Inline
### The error occurred while setting parameters
### SQL: SELECT DISTINCT    a.articleid,    a.title,    a.publishtime,    a.copywriter_id,    a.auditor_id,    a.inst_id,    a.processinstance_id,    a.articlestate,    receiver.userid AS receiverid,    receiver.usertruename AS receivername,    tb_auditmessage.auditdate,    tb_auditmessage.auditresult,    tb_auditmessage.auditmessage,    tb_institution.instid,    tb_institution.instname,    copywriter.usertruename AS copywritername,    copywriter.userid AS copywriterid,    auditor.userid AS auditorid,    auditor.usertruename AS auditorname,    tb_attachment.attachmentid,    tb_attachment.filename,    tb_attachment.attachtype,    tb_attachment.uploadtime,    tb_attachment.filesize,    tb_attachment.fileid,    receiver_inst.instname AS receiver_inst_name,    receiver_inst.instid AS receiver_inst_id,    (     SELECT DISTINCT      COUNT(*)     FROM      tb_log     LEFT OUTER JOIN tb_article ON tb_log.bussiness_id = tb_article.articleid     WHERE      tb_article.articleid = a.articleid     AND tb_log.optname = &apos;�鿴����&apos;    ) AS clickcount,    (     SELECT DISTINCT      COUNT(*)     FROM      tb_log     LEFT OUTER JOIN tb_article ON tb_log.bussiness_id = tb_article.articleid     WHERE      tb_article.articleid = a.articleid     AND tb_log.optname = &apos;���ع���&apos;    ) AS downloadcount   FROM    tb_article AS a    LEFT OUTER JOIN tb_receive ON tb_receive.article_id = a.articleid    LEFT OUTER JOIN tb_user AS receiver ON tb_receive.receiver_id = receiver.userid    LEFT OUTER JOIN tb_auditmessage ON tb_auditmessage.article_id = a.articleid    LEFT OUTER JOIN tb_institution ON a.inst_id = tb_institution.instid    LEFT OUTER JOIN tb_user AS copywriter ON a.copywriter_id = copywriter.userid    LEFT OUTER JOIN tb_user AS auditor ON a.auditor_id = auditor.userid    LEFT OUTER JOIN tb_attachment ON tb_attachment.article_id = a.articleid    LEFT OUTER JOIN tb_institution AS receiver_inst ON receiver.inst_id = receiver_inst.instid             WHERE 1=1                                                      ORDER BY tb_article.publishtime
### Cause: com.mysql.jdbc.exceptions.MySQLSyntaxErrorException: Unknown column &apos;tb_article.publishtime&apos; in &apos;order clause&apos;
]
14:19:53.286 [main] DEBUG o.s.t.c.s.AbstractDirtiesContextTestExecutionListener - After test method: context [DefaultTestContext@4b9e255 testClass = ArticleMapperTest, testInstance = cn.edu.nuc.test.dao.ArticleMapperTest@71d15f18, testMethod = testList@ArticleMapperTest, testException = org.springframework.jdbc.BadSqlGrammarException: 
### Error querying database.  Cause: com.mysql.jdbc.exceptions.MySQLSyntaxErrorException: Unknown column &apos;tb_article.publishtime&apos; in &apos;order clause&apos;
### The error may exist in file [D:\envi\article\target\classes\cn\edu\nuc\article\dao\ArticleMapper.xml]
### The error may involve cn.edu.nuc.article.dao.ArticleMapper.selectListAll-Inline
### The error occurred while setting parameters
### SQL: SELECT DISTINCT    a.articleid,    a.title,    a.publishtime,    a.copywriter_id,    a.auditor_id,    a.inst_id,    a.processinstance_id,    a.articlestate,    receiver.userid AS receiverid,    receiver.usertruename AS receivername,    tb_auditmessage.auditdate,    tb_auditmessage.auditresult,    tb_auditmessage.auditmessage,    tb_institution.instid,    tb_institution.instname,    copywriter.usertruename AS copywritername,    copywriter.userid AS copywriterid,    auditor.userid AS auditorid,    auditor.usertruename AS auditorname,    tb_attachment.attachmentid,    tb_attachment.filename,    tb_attachment.attachtype,    tb_attachment.uploadtime,    tb_attachment.filesize,    tb_attachment.fileid,    receiver_inst.instname AS receiver_inst_name,    receiver_inst.instid AS receiver_inst_id,    (     SELECT DISTINCT      COUNT(*)     FROM      tb_log     LEFT OUTER JOIN tb_article ON tb_log.bussiness_id = tb_article.articleid     WHERE      tb_article.articleid = a.articleid     AND tb_log.optname = &apos;�鿴����&apos;    ) AS clickcount,    (     SELECT DISTINCT      COUNT(*)     FROM      tb_log     LEFT OUTER JOIN tb_article ON tb_log.bussiness_id = tb_article.articleid     WHERE      tb_article.articleid = a.articleid     AND tb_log.optname = &apos;���ع���&apos;    ) AS downloadcount   FROM    tb_article AS a    LEFT OUTER JOIN tb_receive ON tb_receive.article_id = a.articleid    LEFT OUTER JOIN tb_user AS receiver ON tb_receive.receiver_id = receiver.userid    LEFT OUTER JOIN tb_auditmessage ON tb_auditmessage.article_id = a.articleid    LEFT OUTER JOIN tb_institution ON a.inst_id = tb_institution.instid    LEFT OUTER JOIN tb_user AS copywriter ON a.copywriter_id = copywriter.userid    LEFT OUTER JOIN tb_user AS auditor ON a.auditor_id = auditor.userid    LEFT OUTER JOIN tb_attachment ON tb_attachment.article_id = a.articleid    LEFT OUTER JOIN tb_institution AS receiver_inst ON receiver.inst_id = receiver_inst.instid             WHERE 1=1                                                      ORDER BY tb_article.publishtime
### Cause: com.mysql.jdbc.exceptions.MySQLSyntaxErrorException: Unknown column &apos;tb_article.publishtime&apos; in &apos;order clause&apos;
; bad SQL grammar []; nested exception is com.mysql.jdbc.exceptions.MySQLSyntaxErrorException: Unknown column &apos;tb_article.publishtime&apos; in &apos;order clause&apos;, mergedContextConfiguration = [MergedContextConfiguration@5e57643e testClass = ArticleMapperTest, locations = &apos;{classpath:spring-context.xml, classpath:spring-activiti.xml}&apos;, classes = &apos;{}&apos;, contextInitializerClasses = &apos;[]&apos;, activeProfiles = &apos;{}&apos;, propertySourceLocations = &apos;{}&apos;, propertySourceProperties = &apos;{}&apos;, contextCustomizers = set[[empty]], contextLoader = &apos;org.springframework.test.context.support.DelegatingSmartContextLoader&apos;, parent = [null]]], class annotated with @DirtiesContext [false] with mode [null], method annotated with @DirtiesContext [false] with mode [null].
</system-out>
  </testcase>
  <testcase classname="cn.edu.nuc.test.dao.ArticleMapperTest" name="testFindById" time="0.011"/>
  <testcase classname="cn.edu.nuc.test.dao.ArticleMapperTest" name="testReceiveCount" time="0.022"/>
  <testcase classname="cn.edu.nuc.test.dao.ArticleMapperTest" name="testMyList" time="0.011"/>
  <testcase classname="cn.edu.nuc.test.dao.ArticleMapperTest" name="testTitleValidate" time="0.019"/>
</testsuite>